+ umask 022
+ ulimit -a
core file size          (blocks, -c) 0
data seg size           (kbytes, -d) unlimited
scheduling priority             (-e) 0
file size               (blocks, -f) unlimited
pending signals                 (-i) 125855
max locked memory       (kbytes, -l) 64
max memory size         (kbytes, -m) unlimited
open files                      (-n) 1024
pipe size            (512 bytes, -p) 8
POSIX message queues     (bytes, -q) 819200
real-time priority              (-r) 0
stack size              (kbytes, -s) 8192
cpu time               (seconds, -t) unlimited
max user processes              (-u) 4096
virtual memory          (kbytes, -v) unlimited
file locks                      (-x) unlimited
+++ dirname /home/cem/git/nmme/oisst_spear/bin/do_oisst_qc.sh
++ cd /home/cem/git/nmme/oisst_spear/bin
++ pwd
+ BIN_DIR=/home/cem/git/nmme/oisst_spear/bin
++ date +%Y
+ yearCur=2021
++ date +%m
+ monCur=11
++ date -d '2021-11-01 - 1month' +%m
+ monPrev=10
++ date -d '2021-11-01 - 1month' +%Y
+ yearmonPrev=2021
+ [[ ! -e /home/cem/git/nmme/oisst_spear/bin/env.sh ]]
+ . /home/cem/git/nmme/oisst_spear/bin/env.sh
++ BASE_DIR=/local2/home/NMME/oisst_spear
++ WORK_DIR=/local2/home/NMME/oisst_spear/work
++ RAW_DIR=/local2/home/NMME/oisst_spear/raw
++ OUT_DIR=/local2/home/NMME/oisst_spear/NetCDF
++ XFER_COMMAND='gcp --sync -cd '
++ XFER_TARGET=gfdl:/archive/Colleen.McHugh/NMME/INPUTS/oisst_spear/
++ . /usr/local/Modules/default/init/sh
+++ unset _mlshdbg
+++ '[' 0 = 1 ']'
+++ unset _mlre _mlIFS
+++ '[' -n x ']'
+++ _mlIFS=' 	
'
+++ IFS=' '
+++ '[' -n '' ']'
++++ /usr/bin/tclsh /usr/local/Modules/4.6.1/libexec/modulecmd.tcl sh autoinit
+++ _mlcode='module() {
   unset _mlshdbg;
   if [ "${MODULES_SILENT_SHELL_DEBUG:-0}" = '\''1'\'' ]; then
      case "$-" in
         *v*x*) set +vx; _mlshdbg='\''vx'\'' ;;
         *v*) set +v; _mlshdbg='\''v'\'' ;;
         *x*) set +x; _mlshdbg='\''x'\'' ;;
         *) _mlshdbg='\'''\'' ;;
      esac;
   fi;
   unset _mlre _mlIFS;
   if [ -n "${IFS+x}" ]; then
      _mlIFS=$IFS;
   fi;
   IFS='\'' '\'';
   for _mlv in ${MODULES_RUN_QUARANTINE:-}; do
      if [ "${_mlv}" = "${_mlv##*[!A-Za-z0-9_]}" -a "${_mlv}" = "${_mlv#[0-9]}" ]; then
         if [ -n "`eval '\''echo ${'\''$_mlv'\''+x}'\''`" ]; then
            _mlre="${_mlre:-}${_mlv}_modquar='\''`eval '\''echo ${'\''$_mlv'\''}'\''`'\'' ";
         fi;
         _mlrv="MODULES_RUNENV_${_mlv}";
         _mlre="${_mlre:-}${_mlv}='\''`eval '\''echo ${'\''$_mlrv'\'':-}'\''`'\'' ";
      fi;
   done;
   if [ -n "${_mlre:-}" ]; then
      eval `eval ${_mlre} /usr/bin/tclsh /usr/local/Modules/4.6.1/libexec/modulecmd.tcl sh '\''"$@"'\''`;
   else
      eval `/usr/bin/tclsh /usr/local/Modules/4.6.1/libexec/modulecmd.tcl sh "$@"`;
   fi;
   _mlstatus=$?;
   if [ -n "${_mlIFS+x}" ]; then
      IFS=$_mlIFS;
   else
      unset IFS;
   fi;
   unset _mlre _mlv _mlrv _mlIFS;
   if [ -n "${_mlshdbg:-}" ]; then
      set -$_mlshdbg;
   fi;
   unset _mlshdbg;
   return $_mlstatus;
};
ml() { module ml "$@"; };
MODULE_VERSION_STACK=4.6.1; export MODULE_VERSION_STACK;
MODULES_CMD=/usr/local/Modules/4.6.1/libexec/modulecmd.tcl; export MODULES_CMD;
ENV=/usr/local/Modules/4.6.1/init/profile.sh; export ENV;
MODULEPATH_modshare=/usr/local/Modules/x64/modulefiles:1:/app/spack/default/modulefiles:1:/usr/share/Modules/modulefiles:1:/usr/local/Modules/modulefiles:1:/home/fms/local/modulefiles:1; export MODULEPATH_modshare;
BASH_ENV=/usr/local/Modules/4.6.1/init/bash; export BASH_ENV;
MODULESHOME=/usr/local/Modules/4.6.1; export MODULESHOME;
LOADEDMODULES=; export LOADEDMODULES;
MODULEPATH=/app/spack/default/modulefiles:/usr/local/Modules/x64/modulefiles:/usr/local/Modules/modulefiles:/home/fms/local/modulefiles:/usr/share/Modules/modulefiles; export MODULEPATH;
MODULE_VERSION=4.6.1; export MODULE_VERSION;
test 0;'
+++ _mlret=0
+++ '[' -n x ']'
+++ IFS=' 	
'
+++ unset _mlIFS
+++ unset _mlre _mlv _mlrv
+++ '[' 0 -eq 0 ']'
+++ eval 'module() {
   unset _mlshdbg;
   if [ "${MODULES_SILENT_SHELL_DEBUG:-0}" = '\''1'\'' ]; then
      case "$-" in
         *v*x*) set +vx; _mlshdbg='\''vx'\'' ;;
         *v*) set +v; _mlshdbg='\''v'\'' ;;
         *x*) set +x; _mlshdbg='\''x'\'' ;;
         *) _mlshdbg='\'''\'' ;;
      esac;
   fi;
   unset _mlre _mlIFS;
   if [ -n "${IFS+x}" ]; then
      _mlIFS=$IFS;
   fi;
   IFS='\'' '\'';
   for _mlv in ${MODULES_RUN_QUARANTINE:-}; do
      if [ "${_mlv}" = "${_mlv##*[!A-Za-z0-9_]}" -a "${_mlv}" = "${_mlv#[0-9]}" ]; then
         if [ -n "`eval '\''echo ${'\''$_mlv'\''+x}'\''`" ]; then
            _mlre="${_mlre:-}${_mlv}_modquar='\''`eval '\''echo ${'\''$_mlv'\''}'\''`'\'' ";
         fi;
         _mlrv="MODULES_RUNENV_${_mlv}";
         _mlre="${_mlre:-}${_mlv}='\''`eval '\''echo ${'\''$_mlrv'\'':-}'\''`'\'' ";
      fi;
   done;
   if [ -n "${_mlre:-}" ]; then
      eval `eval ${_mlre} /usr/bin/tclsh /usr/local/Modules/4.6.1/libexec/modulecmd.tcl sh '\''"$@"'\''`;
   else
      eval `/usr/bin/tclsh /usr/local/Modules/4.6.1/libexec/modulecmd.tcl sh "$@"`;
   fi;
   _mlstatus=$?;
   if [ -n "${_mlIFS+x}" ]; then
      IFS=$_mlIFS;
   else
      unset IFS;
   fi;
   unset _mlre _mlv _mlrv _mlIFS;
   if [ -n "${_mlshdbg:-}" ]; then
      set -$_mlshdbg;
   fi;
   unset _mlshdbg;
   return $_mlstatus;
};
ml() { module ml "$@"; };
MODULE_VERSION_STACK=4.6.1; export MODULE_VERSION_STACK;
MODULES_CMD=/usr/local/Modules/4.6.1/libexec/modulecmd.tcl; export MODULES_CMD;
ENV=/usr/local/Modules/4.6.1/init/profile.sh; export ENV;
MODULEPATH_modshare=/usr/local/Modules/x64/modulefiles:1:/app/spack/default/modulefiles:1:/usr/share/Modules/modulefiles:1:/usr/local/Modules/modulefiles:1:/home/fms/local/modulefiles:1; export MODULEPATH_modshare;
BASH_ENV=/usr/local/Modules/4.6.1/init/bash; export BASH_ENV;
MODULESHOME=/usr/local/Modules/4.6.1; export MODULESHOME;
LOADEDMODULES=; export LOADEDMODULES;
MODULEPATH=/app/spack/default/modulefiles:/usr/local/Modules/x64/modulefiles:/usr/local/Modules/modulefiles:/home/fms/local/modulefiles:/usr/share/Modules/modulefiles; export MODULEPATH;
MODULE_VERSION=4.6.1; export MODULE_VERSION;
test 0;'
++++ MODULE_VERSION_STACK=4.6.1
++++ export MODULE_VERSION_STACK
++++ MODULES_CMD=/usr/local/Modules/4.6.1/libexec/modulecmd.tcl
++++ export MODULES_CMD
++++ ENV=/usr/local/Modules/4.6.1/init/profile.sh
++++ export ENV
++++ MODULEPATH_modshare=/usr/local/Modules/x64/modulefiles:1:/app/spack/default/modulefiles:1:/usr/share/Modules/modulefiles:1:/usr/local/Modules/modulefiles:1:/home/fms/local/modulefiles:1
++++ export MODULEPATH_modshare
++++ BASH_ENV=/usr/local/Modules/4.6.1/init/bash
++++ export BASH_ENV
++++ MODULESHOME=/usr/local/Modules/4.6.1
++++ export MODULESHOME
++++ LOADEDMODULES=
++++ export LOADEDMODULES
++++ MODULEPATH=/app/spack/default/modulefiles:/usr/local/Modules/x64/modulefiles:/usr/local/Modules/modulefiles:/home/fms/local/modulefiles:/usr/share/Modules/modulefiles
++++ export MODULEPATH
++++ MODULE_VERSION=4.6.1
++++ export MODULE_VERSION
++++ test 0
+++ '[' 0 = 1 ']'
+++ '[' /bin/sh '!=' '' ']'
+++ '[' -t 2 ']'
+++ export -f module
++++ type -t ml
+++ '[' function = function ']'
+++ export -f ml
+++ '[' /bin/sh '!=' '' ']'
+++ export -f switchml
+++ case ":$PATH:" in
+++ PATH=/usr/local/Modules/4.6.1/bin:/usr/bin:/bin
+++ export PATH
+++ '[' '!' -n '' ']'
+++ MANPATH=:
+++ export MANPATH
+++ case ":`manpath 2>/dev/null`:" in
++++ manpath
+++ unset _mlcode _mlret
+++ '[' -n '' ']'
++ module load intel_compilers/11.1.073
++ unset _mlshdbg
++ '[' 0 = 1 ']'
++ unset _mlre _mlIFS
++ '[' -n x ']'
++ _mlIFS=' 	
'
++ IFS=' '
++ '[' -n '' ']'
+++ /usr/bin/tclsh /usr/local/Modules/4.6.1/libexec/modulecmd.tcl sh load intel_compilers/11.1.073
++ eval 'LD_LIBRARY_PATH=/usr/local/x64/intel/Compiler/11.1/073/lib/intel64;' export 'LD_LIBRARY_PATH;
MANPATH=/usr/local/x64/intel/Compiler/11.1/073/man/en_US::;' export 'MANPATH;
LOADEDMODULES=intel_compilers/11.1.073;' export 'LOADEDMODULES;
_LMFILES_=/usr/local/Modules/x64/modulefiles/intel_compilers/11.1.073;' export '_LMFILES_;
MANPATH_modshare=:1:/usr/local/x64/intel/Compiler/11.1/073/man/en_US:1;' export 'MANPATH_modshare;
INTEL_LICENSE_FILE=27009@lcmwhs01-p;' export 'INTEL_LICENSE_FILE;
INTEL_LICENSE_FILE_modshare=27009@lcmwhs01-p:1;' export 'INTEL_LICENSE_FILE_modshare;
LD_LIBRARY_PATH_modshare=/usr/local/x64/intel/Compiler/11.1/073/lib/intel64:1;' export 'LD_LIBRARY_PATH_modshare;
LOADEDMODULES_modshare=intel_compilers/11.1.073:1;' export 'LOADEDMODULES_modshare;
_LMFILES__modshare=/usr/local/Modules/x64/modulefiles/intel_compilers/11.1.073:1;' export '_LMFILES__modshare;
PATH=/usr/local/x64/intel/Compiler/11.1/073/bin/intel64:/usr/local/Modules/4.6.1/bin:/usr/bin:/bin;' export 'PATH;
PATH_modshare=/bin:1:/usr/local/Modules/4.6.1/bin:1:/usr/bin:1:/usr/local/x64/intel/Compiler/11.1/073/bin/intel64:1;' export 'PATH_modshare;
test' '0;'
+++ LD_LIBRARY_PATH=/usr/local/x64/intel/Compiler/11.1/073/lib/intel64
+++ export LD_LIBRARY_PATH
+++ MANPATH=/usr/local/x64/intel/Compiler/11.1/073/man/en_US::
+++ export MANPATH
+++ LOADEDMODULES=intel_compilers/11.1.073
+++ export LOADEDMODULES
+++ _LMFILES_=/usr/local/Modules/x64/modulefiles/intel_compilers/11.1.073
+++ export _LMFILES_
+++ MANPATH_modshare=:1:/usr/local/x64/intel/Compiler/11.1/073/man/en_US:1
+++ export MANPATH_modshare
+++ INTEL_LICENSE_FILE=27009@lcmwhs01-p
+++ export INTEL_LICENSE_FILE
+++ INTEL_LICENSE_FILE_modshare=27009@lcmwhs01-p:1
+++ export INTEL_LICENSE_FILE_modshare
+++ LD_LIBRARY_PATH_modshare=/usr/local/x64/intel/Compiler/11.1/073/lib/intel64:1
+++ export LD_LIBRARY_PATH_modshare
+++ LOADEDMODULES_modshare=intel_compilers/11.1.073:1
+++ export LOADEDMODULES_modshare
+++ _LMFILES__modshare=/usr/local/Modules/x64/modulefiles/intel_compilers/11.1.073:1
+++ export _LMFILES__modshare
+++ PATH=/usr/local/x64/intel/Compiler/11.1/073/bin/intel64:/usr/local/Modules/4.6.1/bin:/usr/bin:/bin
+++ export PATH
+++ PATH_modshare=/bin:1:/usr/local/Modules/4.6.1/bin:1:/usr/bin:1:/usr/local/x64/intel/Compiler/11.1/073/bin/intel64:1
+++ export PATH_modshare
+++ test 0
++ _mlstatus=0
++ '[' -n x ']'
++ IFS=' 	
'
++ unset _mlre _mlv _mlrv _mlIFS
++ '[' -n '' ']'
++ unset _mlshdbg
++ return 0
++ module load netcdf/4.2
++ unset _mlshdbg
++ '[' 0 = 1 ']'
++ unset _mlre _mlIFS
++ '[' -n x ']'
++ _mlIFS=' 	
'
++ IFS=' '
++ '[' -n '' ']'
+++ /usr/bin/tclsh /usr/local/Modules/4.6.1/libexec/modulecmd.tcl sh load netcdf/4.2
Loading netcdf/4.2
  Loading requirement: hdf5/1.8.8
++ eval 'MODULES_LMPREREQ=hdf5/1.8.8\&intel_compilers:netcdf/4.2\&hdf5/1.8.8;' export 'MODULES_LMPREREQ;
LD_LIBRARY_PATH=/usr/local/x64/netcdf-4.2_optimized/lib:/usr/local/x64/hdf5-1.8.8_optimized/lib:/usr/local/x64/intel/Compiler/11.1/073/lib/intel64;' export 'LD_LIBRARY_PATH;
CPATH=/usr/local/x64/netcdf-4.2_optimized/include:/usr/local/x64/hdf5-1.8.8_optimized/include;' export 'CPATH;
MANPATH=/usr/local/x64/netcdf-4.2_optimized/share/man:/usr/local/x64/intel/Compiler/11.1/073/man/en_US::;' export 'MANPATH;
LIBRARY_PATH=/usr/local/x64/netcdf-4.2_optimized/lib:/usr/local/x64/hdf5-1.8.8_optimized/lib;' export 'LIBRARY_PATH;
LOADEDMODULES=intel_compilers/11.1.073:hdf5/1.8.8:netcdf/4.2;' export 'LOADEDMODULES;
_LMFILES_=/usr/local/Modules/x64/modulefiles/intel_compilers/11.1.073:/usr/local/Modules/x64/modulefiles/hdf5/1.8.8:/usr/local/Modules/x64/modulefiles/netcdf/4.2;' export '_LMFILES_;
FPATH=/usr/local/x64/netcdf-4.2_optimized/include;' export 'FPATH;
MANPATH_modshare=:1:/usr/local/x64/netcdf-4.2_optimized/share/man:1:/usr/local/x64/intel/Compiler/11.1/073/man/en_US:1;' export 'MANPATH_modshare;
LIBRARY_PATH_modshare=/usr/local/x64/netcdf-4.2_optimized/lib:1:/usr/local/x64/hdf5-1.8.8_optimized/lib:1;' export 'LIBRARY_PATH_modshare;
FPATH_modshare=/usr/local/x64/netcdf-4.2_optimized/include:1;' export 'FPATH_modshare;
MODULES_LMNOTUASKED=hdf5/1.8.8;' export 'MODULES_LMNOTUASKED;
MODULES_LMNOTUASKED_modshare=hdf5/1.8.8:1;' export 'MODULES_LMNOTUASKED_modshare;
MODULES_LMPREREQ_modshare=netcdf/4.2\&hdf5/1.8.8:1:hdf5/1.8.8\&intel_compilers:1;' export 'MODULES_LMPREREQ_modshare;
LD_LIBRARY_PATH_modshare=/usr/local/x64/intel/Compiler/11.1/073/lib/intel64:1:/usr/local/x64/netcdf-4.2_optimized/lib:1:/usr/local/x64/hdf5-1.8.8_optimized/lib:1;' export 'LD_LIBRARY_PATH_modshare;
CPATH_modshare=/usr/local/x64/netcdf-4.2_optimized/include:1:/usr/local/x64/hdf5-1.8.8_optimized/include:1;' export 'CPATH_modshare;
LOADEDMODULES_modshare=intel_compilers/11.1.073:1:netcdf/4.2:1:hdf5/1.8.8:1;' export 'LOADEDMODULES_modshare;
_LMFILES__modshare=/usr/local/Modules/x64/modulefiles/intel_compilers/11.1.073:1:/usr/local/Modules/x64/modulefiles/netcdf/4.2:1:/usr/local/Modules/x64/modulefiles/hdf5/1.8.8:1;' export '_LMFILES__modshare;
PATH=/usr/local/x64/netcdf-4.2_optimized/bin:/usr/local/x64/hdf5-1.8.8_optimized/bin:/usr/local/x64/intel/Compiler/11.1/073/bin/intel64:/usr/local/Modules/4.6.1/bin:/usr/bin:/bin;' export 'PATH;
PATH_modshare=/usr/local/x64/netcdf-4.2_optimized/bin:1:/usr/local/x64/hdf5-1.8.8_optimized/bin:1:/bin:1:/usr/local/Modules/4.6.1/bin:1:/usr/bin:1:/usr/local/x64/intel/Compiler/11.1/073/bin/intel64:1;' export 'PATH_modshare;
test' '0;'
+++ MODULES_LMPREREQ='hdf5/1.8.8&intel_compilers:netcdf/4.2&hdf5/1.8.8'
+++ export MODULES_LMPREREQ
+++ LD_LIBRARY_PATH=/usr/local/x64/netcdf-4.2_optimized/lib:/usr/local/x64/hdf5-1.8.8_optimized/lib:/usr/local/x64/intel/Compiler/11.1/073/lib/intel64
+++ export LD_LIBRARY_PATH
+++ CPATH=/usr/local/x64/netcdf-4.2_optimized/include:/usr/local/x64/hdf5-1.8.8_optimized/include
+++ export CPATH
+++ MANPATH=/usr/local/x64/netcdf-4.2_optimized/share/man:/usr/local/x64/intel/Compiler/11.1/073/man/en_US::
+++ export MANPATH
+++ LIBRARY_PATH=/usr/local/x64/netcdf-4.2_optimized/lib:/usr/local/x64/hdf5-1.8.8_optimized/lib
+++ export LIBRARY_PATH
+++ LOADEDMODULES=intel_compilers/11.1.073:hdf5/1.8.8:netcdf/4.2
+++ export LOADEDMODULES
+++ _LMFILES_=/usr/local/Modules/x64/modulefiles/intel_compilers/11.1.073:/usr/local/Modules/x64/modulefiles/hdf5/1.8.8:/usr/local/Modules/x64/modulefiles/netcdf/4.2
+++ export _LMFILES_
+++ FPATH=/usr/local/x64/netcdf-4.2_optimized/include
+++ export FPATH
+++ MANPATH_modshare=:1:/usr/local/x64/netcdf-4.2_optimized/share/man:1:/usr/local/x64/intel/Compiler/11.1/073/man/en_US:1
+++ export MANPATH_modshare
+++ LIBRARY_PATH_modshare=/usr/local/x64/netcdf-4.2_optimized/lib:1:/usr/local/x64/hdf5-1.8.8_optimized/lib:1
+++ export LIBRARY_PATH_modshare
+++ FPATH_modshare=/usr/local/x64/netcdf-4.2_optimized/include:1
+++ export FPATH_modshare
+++ MODULES_LMNOTUASKED=hdf5/1.8.8
+++ export MODULES_LMNOTUASKED
+++ MODULES_LMNOTUASKED_modshare=hdf5/1.8.8:1
+++ export MODULES_LMNOTUASKED_modshare
+++ MODULES_LMPREREQ_modshare='netcdf/4.2&hdf5/1.8.8:1:hdf5/1.8.8&intel_compilers:1'
+++ export MODULES_LMPREREQ_modshare
+++ LD_LIBRARY_PATH_modshare=/usr/local/x64/intel/Compiler/11.1/073/lib/intel64:1:/usr/local/x64/netcdf-4.2_optimized/lib:1:/usr/local/x64/hdf5-1.8.8_optimized/lib:1
+++ export LD_LIBRARY_PATH_modshare
+++ CPATH_modshare=/usr/local/x64/netcdf-4.2_optimized/include:1:/usr/local/x64/hdf5-1.8.8_optimized/include:1
+++ export CPATH_modshare
+++ LOADEDMODULES_modshare=intel_compilers/11.1.073:1:netcdf/4.2:1:hdf5/1.8.8:1
+++ export LOADEDMODULES_modshare
+++ _LMFILES__modshare=/usr/local/Modules/x64/modulefiles/intel_compilers/11.1.073:1:/usr/local/Modules/x64/modulefiles/netcdf/4.2:1:/usr/local/Modules/x64/modulefiles/hdf5/1.8.8:1
+++ export _LMFILES__modshare
+++ PATH=/usr/local/x64/netcdf-4.2_optimized/bin:/usr/local/x64/hdf5-1.8.8_optimized/bin:/usr/local/x64/intel/Compiler/11.1/073/bin/intel64:/usr/local/Modules/4.6.1/bin:/usr/bin:/bin
+++ export PATH
+++ PATH_modshare=/usr/local/x64/netcdf-4.2_optimized/bin:1:/usr/local/x64/hdf5-1.8.8_optimized/bin:1:/bin:1:/usr/local/Modules/4.6.1/bin:1:/usr/bin:1:/usr/local/x64/intel/Compiler/11.1/073/bin/intel64:1
+++ export PATH_modshare
+++ test 0
++ _mlstatus=0
++ '[' -n x ']'
++ IFS=' 	
'
++ unset _mlre _mlv _mlrv _mlIFS
++ '[' -n '' ']'
++ unset _mlshdbg
++ return 0
++ module load ferret/7.02
++ unset _mlshdbg
++ '[' 0 = 1 ']'
++ unset _mlre _mlIFS
++ '[' -n x ']'
++ _mlIFS=' 	
'
++ IFS=' '
++ '[' -n '' ']'
+++ /usr/bin/tclsh /usr/local/Modules/4.6.1/libexec/modulecmd.tcl sh load ferret/7.02
++ eval 'PLOTFONTS=/usr/local/x64/ferret-7.02/ppl/fonts;' export 'PLOTFONTS;
_LMFILES_=/usr/local/Modules/x64/modulefiles/intel_compilers/11.1.073:/usr/local/Modules/x64/modulefiles/hdf5/1.8.8:/usr/local/Modules/x64/modulefiles/netcdf/4.2:/usr/local/Modules/modulefiles/ferret/7.02;' export '_LMFILES_;
LOADEDMODULES=intel_compilers/11.1.073:hdf5/1.8.8:netcdf/4.2:ferret/7.02;' export 'LOADEDMODULES;
MODULES_LMALTNAME=ferret/7.02\&ferret/default\&ferret;' export 'MODULES_LMALTNAME;
FER_DIR=/usr/local/x64/ferret-7.02;' export 'FER_DIR;
MODULES_LMALTNAME_modshare=ferret/7.02\&ferret/default\&ferret:1;' export 'MODULES_LMALTNAME_modshare;
FER_GRIDS=.\' '/usr/local/x64/ferret-7.02/fer_dsets/grids;' export 'FER_GRIDS;
FER_DATA=.\' '/usr/local/x64/ferret-7.02/fer_dsets/data\' '/usr/local/x64/ferret-7.02/go\' '/usr/local/x64/ferret-7.02/examples\' '/usr/local/x64/ferret-7.02/contrib;' export 'FER_DATA;
FER_DSETS=/usr/local/x64/ferret-7.02/fer_dsets;' export 'FER_DSETS;
FER_EXTERNAL_FUNCTIONS=/usr/local/x64/ferret-7.02/ext_func/libs;' export 'FER_EXTERNAL_FUNCTIONS;
FER_GO=.\' '/usr/local/x64/ferret-7.02/go\' '/usr/local/x64/ferret-7.02/examples\' '/usr/local/x64/ferret-7.02/contrib;' export 'FER_GO;
TMAP=/usr/local/x64/ferret-7.02/fmt;' export 'TMAP;
SPECTRA=/usr/local/x64/ferret-7.02/ppl;' export 'SPECTRA;
FER_PALETTE=.\' '/usr/local/x64/ferret-7.02/ppl;' export 'FER_PALETTE;
_LMFILES__modshare=/usr/local/Modules/modulefiles/ferret/7.02:1:/usr/local/Modules/x64/modulefiles/intel_compilers/11.1.073:1:/usr/local/Modules/x64/modulefiles/hdf5/1.8.8:1:/usr/local/Modules/x64/modulefiles/netcdf/4.2:1;' export '_LMFILES__modshare;
LOADEDMODULES_modshare=intel_compilers/11.1.073:1:ferret/7.02:1:hdf5/1.8.8:1:netcdf/4.2:1;' export 'LOADEDMODULES_modshare;
PATH=/usr/local/x64/ferret-7.02/bin:/usr/local/x64/netcdf-4.2_optimized/bin:/usr/local/x64/hdf5-1.8.8_optimized/bin:/usr/local/x64/intel/Compiler/11.1/073/bin/intel64:/usr/local/Modules/4.6.1/bin:/usr/bin:/bin;' export 'PATH;
FER_DESCR=.\' '/usr/local/x64/ferret-7.02/fer_dsets/descr;' export 'FER_DESCR;
PATH_modshare=/usr/local/x64/netcdf-4.2_optimized/bin:1:/usr/local/x64/hdf5-1.8.8_optimized/bin:1:/bin:1:/usr/local/Modules/4.6.1/bin:1:/usr/bin:1:/usr/local/x64/ferret-7.02/bin:1:/usr/local/x64/intel/Compiler/11.1/073/bin/intel64:1;' export 'PATH_modshare;
test' '0;'
+++ PLOTFONTS=/usr/local/x64/ferret-7.02/ppl/fonts
+++ export PLOTFONTS
+++ _LMFILES_=/usr/local/Modules/x64/modulefiles/intel_compilers/11.1.073:/usr/local/Modules/x64/modulefiles/hdf5/1.8.8:/usr/local/Modules/x64/modulefiles/netcdf/4.2:/usr/local/Modules/modulefiles/ferret/7.02
+++ export _LMFILES_
+++ LOADEDMODULES=intel_compilers/11.1.073:hdf5/1.8.8:netcdf/4.2:ferret/7.02
+++ export LOADEDMODULES
+++ MODULES_LMALTNAME='ferret/7.02&ferret/default&ferret'
+++ export MODULES_LMALTNAME
+++ FER_DIR=/usr/local/x64/ferret-7.02
+++ export FER_DIR
+++ MODULES_LMALTNAME_modshare='ferret/7.02&ferret/default&ferret:1'
+++ export MODULES_LMALTNAME_modshare
+++ FER_GRIDS='. /usr/local/x64/ferret-7.02/fer_dsets/grids'
+++ export FER_GRIDS
+++ FER_DATA='. /usr/local/x64/ferret-7.02/fer_dsets/data /usr/local/x64/ferret-7.02/go /usr/local/x64/ferret-7.02/examples /usr/local/x64/ferret-7.02/contrib'
+++ export FER_DATA
+++ FER_DSETS=/usr/local/x64/ferret-7.02/fer_dsets
+++ export FER_DSETS
+++ FER_EXTERNAL_FUNCTIONS=/usr/local/x64/ferret-7.02/ext_func/libs
+++ export FER_EXTERNAL_FUNCTIONS
+++ FER_GO='. /usr/local/x64/ferret-7.02/go /usr/local/x64/ferret-7.02/examples /usr/local/x64/ferret-7.02/contrib'
+++ export FER_GO
+++ TMAP=/usr/local/x64/ferret-7.02/fmt
+++ export TMAP
+++ SPECTRA=/usr/local/x64/ferret-7.02/ppl
+++ export SPECTRA
+++ FER_PALETTE='. /usr/local/x64/ferret-7.02/ppl'
+++ export FER_PALETTE
+++ _LMFILES__modshare=/usr/local/Modules/modulefiles/ferret/7.02:1:/usr/local/Modules/x64/modulefiles/intel_compilers/11.1.073:1:/usr/local/Modules/x64/modulefiles/hdf5/1.8.8:1:/usr/local/Modules/x64/modulefiles/netcdf/4.2:1
+++ export _LMFILES__modshare
+++ LOADEDMODULES_modshare=intel_compilers/11.1.073:1:ferret/7.02:1:hdf5/1.8.8:1:netcdf/4.2:1
+++ export LOADEDMODULES_modshare
+++ PATH=/usr/local/x64/ferret-7.02/bin:/usr/local/x64/netcdf-4.2_optimized/bin:/usr/local/x64/hdf5-1.8.8_optimized/bin:/usr/local/x64/intel/Compiler/11.1/073/bin/intel64:/usr/local/Modules/4.6.1/bin:/usr/bin:/bin
+++ export PATH
+++ FER_DESCR='. /usr/local/x64/ferret-7.02/fer_dsets/descr'
+++ export FER_DESCR
+++ PATH_modshare=/usr/local/x64/netcdf-4.2_optimized/bin:1:/usr/local/x64/hdf5-1.8.8_optimized/bin:1:/bin:1:/usr/local/Modules/4.6.1/bin:1:/usr/bin:1:/usr/local/x64/ferret-7.02/bin:1:/usr/local/x64/intel/Compiler/11.1/073/bin/intel64:1
+++ export PATH_modshare
+++ test 0
++ _mlstatus=0
++ '[' -n x ']'
++ IFS=' 	
'
++ unset _mlre _mlv _mlrv _mlIFS
++ '[' -n '' ']'
++ unset _mlshdbg
++ return 0
++ module load ncarg/6.2.0
++ unset _mlshdbg
++ '[' 0 = 1 ']'
++ unset _mlre _mlIFS
++ '[' -n x ']'
++ _mlIFS=' 	
'
++ IFS=' '
++ '[' -n '' ']'
+++ /usr/bin/tclsh /usr/local/Modules/4.6.1/libexec/modulecmd.tcl sh load ncarg/6.2.0
++ eval '_LMFILES__modshare=/usr/local/Modules/x64/modulefiles/intel_compilers/11.1.073:1:/usr/local/Modules/modulefiles/ferret/7.02:1:/usr/local/Modules/x64/modulefiles/ncarg/6.2.0:1:/usr/local/Modules/x64/modulefiles/hdf5/1.8.8:1:/usr/local/Modules/x64/modulefiles/netcdf/4.2:1;' export '_LMFILES__modshare;
LOADEDMODULES_modshare=intel_compilers/11.1.073:1:ncarg/6.2.0:1:ferret/7.02:1:hdf5/1.8.8:1:netcdf/4.2:1;' export 'LOADEDMODULES_modshare;
CPATH=/usr/local/x64/ncarg-6.2.0/include:/usr/local/x64/netcdf-4.2_optimized/include:/usr/local/x64/hdf5-1.8.8_optimized/include;' export 'CPATH;
LIBRARY_PATH=/usr/local/x64/ncarg-6.2.0/lib:/usr/local/x64/netcdf-4.2_optimized/lib:/usr/local/x64/hdf5-1.8.8_optimized/lib;' export 'LIBRARY_PATH;
PATH=/usr/local/x64/ncarg-6.2.0/bin:/usr/local/x64/ferret-7.02/bin:/usr/local/x64/netcdf-4.2_optimized/bin:/usr/local/x64/hdf5-1.8.8_optimized/bin:/usr/local/x64/intel/Compiler/11.1/073/bin/intel64:/usr/local/Modules/4.6.1/bin:/usr/bin:/bin;' export 'PATH;
_LMFILES_=/usr/local/Modules/x64/modulefiles/intel_compilers/11.1.073:/usr/local/Modules/x64/modulefiles/hdf5/1.8.8:/usr/local/Modules/x64/modulefiles/netcdf/4.2:/usr/local/Modules/modulefiles/ferret/7.02:/usr/local/Modules/x64/modulefiles/ncarg/6.2.0;' export '_LMFILES_;
LOADEDMODULES=intel_compilers/11.1.073:hdf5/1.8.8:netcdf/4.2:ferret/7.02:ncarg/6.2.0;' export 'LOADEDMODULES;
CPATH_modshare=/usr/local/x64/ncarg-6.2.0/include:1:/usr/local/x64/netcdf-4.2_optimized/include:1:/usr/local/x64/hdf5-1.8.8_optimized/include:1;' export 'CPATH_modshare;
NCARG_ROOT=/usr/local/x64/ncarg-6.2.0;' export 'NCARG_ROOT;
LIBRARY_PATH_modshare=/usr/local/x64/ncarg-6.2.0/lib:1:/usr/local/x64/netcdf-4.2_optimized/lib:1:/usr/local/x64/hdf5-1.8.8_optimized/lib:1;' export 'LIBRARY_PATH_modshare;
PATH_modshare=/usr/local/x64/netcdf-4.2_optimized/bin:1:/usr/local/x64/hdf5-1.8.8_optimized/bin:1:/bin:1:/usr/local/Modules/4.6.1/bin:1:/usr/bin:1:/usr/local/x64/ncarg-6.2.0/bin:1:/usr/local/x64/ferret-7.02/bin:1:/usr/local/x64/intel/Compiler/11.1/073/bin/intel64:1;' export 'PATH_modshare;
test' '0;'
+++ _LMFILES__modshare=/usr/local/Modules/x64/modulefiles/intel_compilers/11.1.073:1:/usr/local/Modules/modulefiles/ferret/7.02:1:/usr/local/Modules/x64/modulefiles/ncarg/6.2.0:1:/usr/local/Modules/x64/modulefiles/hdf5/1.8.8:1:/usr/local/Modules/x64/modulefiles/netcdf/4.2:1
+++ export _LMFILES__modshare
+++ LOADEDMODULES_modshare=intel_compilers/11.1.073:1:ncarg/6.2.0:1:ferret/7.02:1:hdf5/1.8.8:1:netcdf/4.2:1
+++ export LOADEDMODULES_modshare
+++ CPATH=/usr/local/x64/ncarg-6.2.0/include:/usr/local/x64/netcdf-4.2_optimized/include:/usr/local/x64/hdf5-1.8.8_optimized/include
+++ export CPATH
+++ LIBRARY_PATH=/usr/local/x64/ncarg-6.2.0/lib:/usr/local/x64/netcdf-4.2_optimized/lib:/usr/local/x64/hdf5-1.8.8_optimized/lib
+++ export LIBRARY_PATH
+++ PATH=/usr/local/x64/ncarg-6.2.0/bin:/usr/local/x64/ferret-7.02/bin:/usr/local/x64/netcdf-4.2_optimized/bin:/usr/local/x64/hdf5-1.8.8_optimized/bin:/usr/local/x64/intel/Compiler/11.1/073/bin/intel64:/usr/local/Modules/4.6.1/bin:/usr/bin:/bin
+++ export PATH
+++ _LMFILES_=/usr/local/Modules/x64/modulefiles/intel_compilers/11.1.073:/usr/local/Modules/x64/modulefiles/hdf5/1.8.8:/usr/local/Modules/x64/modulefiles/netcdf/4.2:/usr/local/Modules/modulefiles/ferret/7.02:/usr/local/Modules/x64/modulefiles/ncarg/6.2.0
+++ export _LMFILES_
+++ LOADEDMODULES=intel_compilers/11.1.073:hdf5/1.8.8:netcdf/4.2:ferret/7.02:ncarg/6.2.0
+++ export LOADEDMODULES
+++ CPATH_modshare=/usr/local/x64/ncarg-6.2.0/include:1:/usr/local/x64/netcdf-4.2_optimized/include:1:/usr/local/x64/hdf5-1.8.8_optimized/include:1
+++ export CPATH_modshare
+++ NCARG_ROOT=/usr/local/x64/ncarg-6.2.0
+++ export NCARG_ROOT
+++ LIBRARY_PATH_modshare=/usr/local/x64/ncarg-6.2.0/lib:1:/usr/local/x64/netcdf-4.2_optimized/lib:1:/usr/local/x64/hdf5-1.8.8_optimized/lib:1
+++ export LIBRARY_PATH_modshare
+++ PATH_modshare=/usr/local/x64/netcdf-4.2_optimized/bin:1:/usr/local/x64/hdf5-1.8.8_optimized/bin:1:/bin:1:/usr/local/Modules/4.6.1/bin:1:/usr/bin:1:/usr/local/x64/ncarg-6.2.0/bin:1:/usr/local/x64/ferret-7.02/bin:1:/usr/local/x64/intel/Compiler/11.1/073/bin/intel64:1
+++ export PATH_modshare
+++ test 0
++ _mlstatus=0
++ '[' -n x ']'
++ IFS=' 	
'
++ unset _mlre _mlv _mlrv _mlIFS
++ '[' -n '' ']'
++ unset _mlshdbg
++ return 0
++ module load cdo
++ unset _mlshdbg
++ '[' 0 = 1 ']'
++ unset _mlre _mlIFS
++ '[' -n x ']'
++ _mlIFS=' 	
'
++ IFS=' '
++ '[' -n '' ']'
+++ /usr/bin/tclsh /usr/local/Modules/4.6.1/libexec/modulecmd.tcl sh load cdo
++ eval '_LMFILES__modshare=/usr/local/Modules/x64/modulefiles/intel_compilers/11.1.073:1:/usr/local/Modules/modulefiles/ferret/7.02:1:/usr/local/Modules/x64/modulefiles/ncarg/6.2.0:1:/usr/local/Modules/x64/modulefiles/hdf5/1.8.8:1:/usr/local/Modules/x64/modulefiles/netcdf/4.2:1:/app/spack/default/modulefiles/cdo/1.9.8:1;' export '_LMFILES__modshare;
LOADEDMODULES_modshare=intel_compilers/11.1.073:1:ferret/7.02:1:ncarg/6.2.0:1:cdo/1.9.8:1:hdf5/1.8.8:1:netcdf/4.2:1;' export 'LOADEDMODULES_modshare;
CMAKE_PREFIX_PATH_modshare=/app/spack/v0.15/linux-rhel7-x86_64/gcc-4.8.5/cdo/1.9.8-ahk3jklxsgljgflkdqgbizfm3oqqz7hl/:1;' export 'CMAKE_PREFIX_PATH_modshare;
MODULES_LMCONFLICT_modshare=cdo/1.9.8\&cdo:1;' export 'MODULES_LMCONFLICT_modshare;
PATH=/app/spack/v0.15/linux-rhel7-x86_64/gcc-4.8.5/cdo/1.9.8-ahk3jklxsgljgflkdqgbizfm3oqqz7hl/bin:/usr/local/x64/ncarg-6.2.0/bin:/usr/local/x64/ferret-7.02/bin:/usr/local/x64/netcdf-4.2_optimized/bin:/usr/local/x64/hdf5-1.8.8_optimized/bin:/usr/local/x64/intel/Compiler/11.1/073/bin/intel64:/usr/local/Modules/4.6.1/bin:/usr/bin:/bin;' export 'PATH;
_LMFILES_=/usr/local/Modules/x64/modulefiles/intel_compilers/11.1.073:/usr/local/Modules/x64/modulefiles/hdf5/1.8.8:/usr/local/Modules/x64/modulefiles/netcdf/4.2:/usr/local/Modules/modulefiles/ferret/7.02:/usr/local/Modules/x64/modulefiles/ncarg/6.2.0:/app/spack/default/modulefiles/cdo/1.9.8;' export '_LMFILES_;
LOADEDMODULES=intel_compilers/11.1.073:hdf5/1.8.8:netcdf/4.2:ferret/7.02:ncarg/6.2.0:cdo/1.9.8;' export 'LOADEDMODULES;
CMAKE_PREFIX_PATH=/app/spack/v0.15/linux-rhel7-x86_64/gcc-4.8.5/cdo/1.9.8-ahk3jklxsgljgflkdqgbizfm3oqqz7hl/;' export 'CMAKE_PREFIX_PATH;
MODULES_LMCONFLICT=cdo/1.9.8\&cdo;' export 'MODULES_LMCONFLICT;
PATH_modshare=/usr/local/x64/netcdf-4.2_optimized/bin:1:/usr/local/x64/hdf5-1.8.8_optimized/bin:1:/bin:1:/usr/local/Modules/4.6.1/bin:1:/usr/bin:1:/app/spack/v0.15/linux-rhel7-x86_64/gcc-4.8.5/cdo/1.9.8-ahk3jklxsgljgflkdqgbizfm3oqqz7hl/bin:1:/usr/local/x64/ncarg-6.2.0/bin:1:/usr/local/x64/ferret-7.02/bin:1:/usr/local/x64/intel/Compiler/11.1/073/bin/intel64:1;' export 'PATH_modshare;
test' '0;'
+++ _LMFILES__modshare=/usr/local/Modules/x64/modulefiles/intel_compilers/11.1.073:1:/usr/local/Modules/modulefiles/ferret/7.02:1:/usr/local/Modules/x64/modulefiles/ncarg/6.2.0:1:/usr/local/Modules/x64/modulefiles/hdf5/1.8.8:1:/usr/local/Modules/x64/modulefiles/netcdf/4.2:1:/app/spack/default/modulefiles/cdo/1.9.8:1
+++ export _LMFILES__modshare
+++ LOADEDMODULES_modshare=intel_compilers/11.1.073:1:ferret/7.02:1:ncarg/6.2.0:1:cdo/1.9.8:1:hdf5/1.8.8:1:netcdf/4.2:1
+++ export LOADEDMODULES_modshare
+++ CMAKE_PREFIX_PATH_modshare=/app/spack/v0.15/linux-rhel7-x86_64/gcc-4.8.5/cdo/1.9.8-ahk3jklxsgljgflkdqgbizfm3oqqz7hl/:1
+++ export CMAKE_PREFIX_PATH_modshare
+++ MODULES_LMCONFLICT_modshare='cdo/1.9.8&cdo:1'
+++ export MODULES_LMCONFLICT_modshare
+++ PATH=/app/spack/v0.15/linux-rhel7-x86_64/gcc-4.8.5/cdo/1.9.8-ahk3jklxsgljgflkdqgbizfm3oqqz7hl/bin:/usr/local/x64/ncarg-6.2.0/bin:/usr/local/x64/ferret-7.02/bin:/usr/local/x64/netcdf-4.2_optimized/bin:/usr/local/x64/hdf5-1.8.8_optimized/bin:/usr/local/x64/intel/Compiler/11.1/073/bin/intel64:/usr/local/Modules/4.6.1/bin:/usr/bin:/bin
+++ export PATH
+++ _LMFILES_=/usr/local/Modules/x64/modulefiles/intel_compilers/11.1.073:/usr/local/Modules/x64/modulefiles/hdf5/1.8.8:/usr/local/Modules/x64/modulefiles/netcdf/4.2:/usr/local/Modules/modulefiles/ferret/7.02:/usr/local/Modules/x64/modulefiles/ncarg/6.2.0:/app/spack/default/modulefiles/cdo/1.9.8
+++ export _LMFILES_
+++ LOADEDMODULES=intel_compilers/11.1.073:hdf5/1.8.8:netcdf/4.2:ferret/7.02:ncarg/6.2.0:cdo/1.9.8
+++ export LOADEDMODULES
+++ CMAKE_PREFIX_PATH=/app/spack/v0.15/linux-rhel7-x86_64/gcc-4.8.5/cdo/1.9.8-ahk3jklxsgljgflkdqgbizfm3oqqz7hl/
+++ export CMAKE_PREFIX_PATH
+++ MODULES_LMCONFLICT='cdo/1.9.8&cdo'
+++ export MODULES_LMCONFLICT
+++ PATH_modshare=/usr/local/x64/netcdf-4.2_optimized/bin:1:/usr/local/x64/hdf5-1.8.8_optimized/bin:1:/bin:1:/usr/local/Modules/4.6.1/bin:1:/usr/bin:1:/app/spack/v0.15/linux-rhel7-x86_64/gcc-4.8.5/cdo/1.9.8-ahk3jklxsgljgflkdqgbizfm3oqqz7hl/bin:1:/usr/local/x64/ncarg-6.2.0/bin:1:/usr/local/x64/ferret-7.02/bin:1:/usr/local/x64/intel/Compiler/11.1/073/bin/intel64:1
+++ export PATH_modshare
+++ test 0
++ _mlstatus=0
++ '[' -n x ']'
++ IFS=' 	
'
++ unset _mlre _mlv _mlrv _mlIFS
++ '[' -n '' ']'
++ unset _mlshdbg
++ return 0
++ module load fre/bronx-18
++ unset _mlshdbg
++ '[' 0 = 1 ']'
++ unset _mlre _mlIFS
++ '[' -n x ']'
++ _mlIFS=' 	
'
++ IFS=' '
++ '[' -n '' ']'
+++ /usr/bin/tclsh /usr/local/Modules/4.6.1/libexec/modulecmd.tcl sh load fre/bronx-18
Loading fre/bronx-18
  Loading requirement: nco/4.5.4 ncarg/6.0.0 gdal/3.1.1 udunits2/2.1.24
    python/2.7.3 nccmp/1.8.2.0 globus/5.2.1 perlbrew/5.30.2 gcp/2.3 hsm/1.2.5
++ eval 'HSM_HOME=/home/fms/local/opt/hsm/1.2.5;' export 'HSM_HOME;
CPATH=/usr/local/x64/udunits-2.1.24/include:/usr/local/x64/ncarg-6.0.0/include:/usr/local/x64/ncarg-6.2.0/include:/usr/local/x64/netcdf-4.2_optimized/include:/usr/local/x64/hdf5-1.8.8_optimized/include;' export 'CPATH;
FRE_SYSTEM_TMP=/tmp;' export 'FRE_SYSTEM_TMP;
CMAKE_PREFIX_PATH=/app/spack/v0.15/linux-rhel7-x86_64/gcc-4.8.5/nccmp/1.8.2.0-czo57hrwa5yrt56mkyy3llpx7arxsk6b/:/app/spack/v0.15/linux-rhel7-x86_64/gcc-4.8.5/gdal/3.1.1-o2itvyhah4bvlfcrnqju4qc3mswxidw7/:/app/spack/v0.15/linux-rhel7-x86_64/gcc-4.8.5/cdo/1.9.8-ahk3jklxsgljgflkdqgbizfm3oqqz7hl/;' export 'CMAKE_PREFIX_PATH;
HSM_VERSION=1.2.5;' export 'HSM_VERSION;
MODULES_LMALTNAME_modshare=gcp/2.3\&gcp/default\&gcp:1:python/2.7.3\&python/default\&python:1:ferret/7.02\&ferret/default\&ferret:1:udunits2/2.1.24\&udunits2/default\&udunits2:1:perlbrew/5.30.2\&perlbrew/default\&perlbrew:1:globus/5.2.1\&globus/default\&globus:1;' export 'MODULES_LMALTNAME_modshare;
SHLIB_PATH=/usr/local/x64/globus/5.2.1/lib;' export 'SHLIB_PATH;
FRE_CURATOR_JAVA_LIBS_modshare=/home/fms/local/opt/fre-curator/release/share/lib/java-getopt-1.0.13.jar:1:/home/fms/local/opt/fre-curator/release/share/lib/jcommander-1.72.jar:1:/home/fms/local/opt/fre-curator/release/share/lib/json-20180130.jar:1:/home/fms/local/opt/fre-curator/release/share/lib/configCurator.jar:1:/home/fms/local/opt/fre-curator/release/share/lib/FREMetar.jar:1:/home/fms/local/opt/fre-curator/release/share/lib/log4j-1.2.15.jar:1:/home/fms/local/opt/fre-curator/release/share/lib/netcdfAll-4.6.jar:1:/home/fms/local/opt/fre-curator/release/share/lib/slf4j-simple-1.6.1.jar:1:/home/fms/local/opt/fre-curator/release/share/lib/mysql-connector-java-5.1.45-bin.jar:1;' export 'FRE_CURATOR_JAVA_LIBS_modshare;
FRE_ANALYSIS_HOME=/home/fms/local/opt/fre-analysis/test;' export 'FRE_ANALYSIS_HOME;
C_INCLUDE_PATH=/app/spack/v0.15/linux-rhel7-x86_64/gcc-4.8.5/gdal/3.1.1-o2itvyhah4bvlfcrnqju4qc3mswxidw7/include:/app/spack/v0.15/linux-rhel7-x86_64/gcc-4.8.5/nco/4.5.4-maafbz4vdw5oh2s6yumspl4gj4ix6dae/include;' export 'C_INCLUDE_PATH;
CMAKE_PREFIX_PATH_modshare=/app/spack/v0.15/linux-rhel7-x86_64/gcc-4.8.5/nccmp/1.8.2.0-czo57hrwa5yrt56mkyy3llpx7arxsk6b/:1:/app/spack/v0.15/linux-rhel7-x86_64/gcc-4.8.5/gdal/3.1.1-o2itvyhah4bvlfcrnqju4qc3mswxidw7/:1:/app/spack/v0.15/linux-rhel7-x86_64/gcc-4.8.5/cdo/1.9.8-ahk3jklxsgljgflkdqgbizfm3oqqz7hl/:1;' export 'CMAKE_PREFIX_PATH_modshare;
FRE_COMMANDS_HOME=/home/fms/local/opt/fre-commands/bronx-18;' export 'FRE_COMMANDS_HOME;
FRE_SYSTEM_SITES=gfdl-ws:gfdl:ncrc:orion:ncrc3:ncrc4;' export 'FRE_SYSTEM_SITES;
GLOBUS_PATH=/usr/local/x64/globus/5.2.1;' export 'GLOBUS_PATH;
MANPATH=/home/fms/local/opt/fre-commands/bronx-18/man:/home/fms/local/opt/hsm/1.2.5/man:/home/fms/local/perlbrew/perls/perl-5.30.2-GFDLWS/man:/usr/local/x64/globus/5.2.1/man:/app/spack/v0.15/linux-rhel7-x86_64/gcc-4.8.5/nccmp/1.8.2.0-czo57hrwa5yrt56mkyy3llpx7arxsk6b/share/man:/usr/local/x64/python/2.7.3/share/man:/usr/local/x64/udunits-2.1.24/share/man:/app/spack/v0.15/linux-rhel7-x86_64/gcc-4.8.5/nco/4.5.4-maafbz4vdw5oh2s6yumspl4gj4ix6dae/share/man:/usr/local/x64/netcdf-4.2_optimized/share/man:/usr/local/x64/intel/Compiler/11.1/073/man/en_US::;' export 'MANPATH;
FRE_ANALYSIS_ARCHIVE=/archive/fms/fre-analysis/test;' export 'FRE_ANALYSIS_ARCHIVE;
PERLBREW_MANPATH=/home/fms/local/perlbrew/perls/perl-5.30.2-GFDLWS/man;' export 'PERLBREW_MANPATH;
PERLBREW_HOME=/home/Colleen.McHugh/.perlbrew;' export 'PERLBREW_HOME;
MANPATH_modshare=/app/spack/v0.15/linux-rhel7-x86_64/gcc-4.8.5/nco/4.5.4-maafbz4vdw5oh2s6yumspl4gj4ix6dae/share/man:1::1:/home/fms/local/opt/fre-commands/bronx-18/man:1:/usr/local/x64/globus/5.2.1/man:1:/usr/local/x64/python/2.7.3/share/man:1:/usr/local/x64/netcdf-4.2_optimized/share/man:1:/home/fms/local/opt/hsm/1.2.5/man:1:/home/fms/local/perlbrew/perls/perl-5.30.2-GFDLWS/man:1:/app/spack/v0.15/linux-rhel7-x86_64/gcc-4.8.5/nccmp/1.8.2.0-czo57hrwa5yrt56mkyy3llpx7arxsk6b/share/man:1:/usr/local/x64/udunits-2.1.24/share/man:1:/usr/local/x64/intel/Compiler/11.1/073/man/en_US:1;' export 'MANPATH_modshare;
PKG_CONFIG_PATH=/app/spack/v0.15/linux-rhel7-x86_64/gcc-4.8.5/gdal/3.1.1-o2itvyhah4bvlfcrnqju4qc3mswxidw7/lib/pkgconfig;' export 'PKG_CONFIG_PATH;
INCLUDE=/app/spack/v0.15/linux-rhel7-x86_64/gcc-4.8.5/gdal/3.1.1-o2itvyhah4bvlfcrnqju4qc3mswxidw7/include:/app/spack/v0.15/linux-rhel7-x86_64/gcc-4.8.5/nco/4.5.4-maafbz4vdw5oh2s6yumspl4gj4ix6dae/include;' export 'INCLUDE;
C_INCLUDE_PATH_modshare=/app/spack/v0.15/linux-rhel7-x86_64/gcc-4.8.5/gdal/3.1.1-o2itvyhah4bvlfcrnqju4qc3mswxidw7/include:1:/app/spack/v0.15/linux-rhel7-x86_64/gcc-4.8.5/nco/4.5.4-maafbz4vdw5oh2s6yumspl4gj4ix6dae/include:1;' export 'C_INCLUDE_PATH_modshare;
FRE_SYSTEM_SITE=gfdl-ws;' export 'FRE_SYSTEM_SITE;
FRE_NCTOOLS_HOME=/home/fms/local/opt/fre-nctools/bronx-18;' export 'FRE_NCTOOLS_HOME;
MYPROXY_SERVER=myproxy1.princeton.rdhpcs.noaa.gov;' export 'MYPROXY_SERVER;
FRE_SYSTEM_MODULEFILES_DIR=/home/fms/local/modulefiles;' export 'FRE_SYSTEM_MODULEFILES_DIR;
MODULES_LMNOTUASKED_modshare=nco/4.5.4:1:ncarg/6.0.0:1:gdal/3.1.1:1:perlbrew/5.30.2:1:gcp/2.3:1:python/2.7.3:1:nccmp/1.8.2.0:1:udunits2/2.1.24:1:hsm/1.2.5:1:hdf5/1.8.8:1:globus/5.2.1:1;' export 'MODULES_LMNOTUASKED_modshare;
X509_CERT_DIR=/usr/local/x64/globus/5.2.1/etc/grid-security/certificates;' export 'X509_CERT_DIR;
LD_LIBRARY_PATH_modshare=/usr/local/x64/python/3.5.2/lib:1:/app/spack/v0.15/linux-rhel7-x86_64/gcc-4.8.5/gdal/3.1.1-o2itvyhah4bvlfcrnqju4qc3mswxidw7/lib:1:/app/spack/v0.15/linux-rhel7-x86_64/gcc-4.8.5/nco/4.5.4-maafbz4vdw5oh2s6yumspl4gj4ix6dae/lib:1:/usr/local/x64/intel/Compiler/11.1/073/lib/intel64:1:/usr/local/x64/globus/5.2.1/lib64:1:/usr/local/x64/python/2.7.3/lib:1:/usr/local/x64/netcdf-4.2_optimized/lib:1:/usr/local/x64/hdf5-1.8.8_optimized/lib:1:/usr/local/x64/udunits-2.1.24/lib:1;' export 'LD_LIBRARY_PATH_modshare;
MODULES_LMPREREQ_modshare=netcdf/4.2\&hdf5/1.8.8:1:hsm/1.2.5\&perlbrew:1:fre/bronx-18\&netcdf/4.2\&nco/4.5.4\&python/2.7.3\&nccmp/1.8.2.0\&gcp\&hsm/1.2.5:1:hdf5/1.8.8\&intel_compilers:1:python/2.7.3\&netcdf/4.2\&ncarg/6.0.0\&gdal\&udunits2:1:gcp/2.3\&globus\&perlbrew:1;' export 'MODULES_LMPREREQ_modshare;
FRE_CURATOR_HOME=/home/fms/local/opt/fre-curator/release;' export 'FRE_CURATOR_HOME;
GLOBUS_LOCATION=/usr/local/x64/globus/5.2.1;' export 'GLOBUS_LOCATION;
LIBPATH=/usr/local/x64/globus/5.2.1/lib;' export 'LIBPATH;
PATH=/home/fms/local/opt/fre-curator/release/share/bin:/home/fms/local/opt/fre-nctools/bronx-18/gfdl-ws/bin:/home/fms/local/opt/fre-nctools/bronx-18/share/bin:/home/fms/local/opt/fre-commands/bronx-18/bin:/home/fms/local/opt/fre-commands/bronx-18/sbin:/home/fms/local/opt/fre-commands/bronx-18/site/gfdl-ws/bin:/home/fms/local/opt/hsm/1.2.5/bin:/usr/local/gcp/2.3.25:/home/fms/local/perlbrew/bin:/home/fms/local/perlbrew/perls/perl-5.30.2-GFDLWS/bin:/usr/local/x64/globus/5.2.1/bin:/usr/local/x64/globus/5.2.1/sbin:/app/spack/v0.15/linux-rhel7-x86_64/gcc-4.8.5/nccmp/1.8.2.0-czo57hrwa5yrt56mkyy3llpx7arxsk6b/bin:/usr/local/x64/python/2.7.3/bin:/usr/local/x64/udunits-2.1.24/bin:/app/spack/v0.15/linux-rhel7-x86_64/gcc-4.8.5/gdal/3.1.1-o2itvyhah4bvlfcrnqju4qc3mswxidw7/bin:/usr/local/x64/ncarg-6.0.0/bin:/app/spack/v0.15/linux-rhel7-x86_64/gcc-4.8.5/nco/4.5.4-maafbz4vdw5oh2s6yumspl4gj4ix6dae/bin:/app/spack/v0.15/linux-rhel7-x86_64/gcc-4.8.5/cdo/1.9.8-ahk3jklxsgljgflkdqgbizfm3oqqz7hl/bin:/usr/local/x64/ncarg-6.2.0/bin:/usr/local/x64/ferret-7.02/bin:/usr/local/x64/netcdf-4.2_optimized/bin:/usr/local/x64/hdf5-1.8.8_optimized/bin:/usr/local/x64/intel/Compiler/11.1/073/bin/intel64:/usr/local/Modules/4.6.1/bin:/usr/bin:/bin:/home/fms/local/opt/fre-analysis/test/shared/bin;' export 'PATH;
FRE_CURATOR_JAVA_LIBS=/home/fms/local/opt/fre-curator/release/share/lib/configCurator.jar:/home/fms/local/opt/fre-curator/release/share/lib/FREMetar.jar:/home/fms/local/opt/fre-curator/release/share/lib/jcommander-1.72.jar:/home/fms/local/opt/fre-curator/release/share/lib/slf4j-simple-1.6.1.jar:/home/fms/local/opt/fre-curator/release/share/lib/java-getopt-1.0.13.jar:/home/fms/local/opt/fre-curator/release/share/lib/log4j-1.2.15.jar:/home/fms/local/opt/fre-curator/release/share/lib/mysql-connector-java-5.1.45-bin.jar:/home/fms/local/opt/fre-curator/release/share/lib/netcdfAll-4.6.jar:/home/fms/local/opt/fre-curator/release/share/lib/json-20180130.jar;' export 'FRE_CURATOR_JAVA_LIBS;
CPLUS_INCLUDE_PATH_modshare=/app/spack/v0.15/linux-rhel7-x86_64/gcc-4.8.5/gdal/3.1.1-o2itvyhah4bvlfcrnqju4qc3mswxidw7/include:1:/app/spack/v0.15/linux-rhel7-x86_64/gcc-4.8.5/nco/4.5.4-maafbz4vdw5oh2s6yumspl4gj4ix6dae/include:1;' export 'CPLUS_INCLUDE_PATH_modshare;
LD_LIBRARY_PATH=/usr/local/x64/python/3.5.2/lib:/usr/local/x64/globus/5.2.1/lib64:/usr/local/x64/python/2.7.3/lib:/usr/local/x64/udunits-2.1.24/lib:/app/spack/v0.15/linux-rhel7-x86_64/gcc-4.8.5/gdal/3.1.1-o2itvyhah4bvlfcrnqju4qc3mswxidw7/lib:/app/spack/v0.15/linux-rhel7-x86_64/gcc-4.8.5/nco/4.5.4-maafbz4vdw5oh2s6yumspl4gj4ix6dae/lib:/usr/local/x64/netcdf-4.2_optimized/lib:/usr/local/x64/hdf5-1.8.8_optimized/lib:/usr/local/x64/intel/Compiler/11.1/073/lib/intel64;' export 'LD_LIBRARY_PATH;
MODULES_LMPREREQ=hdf5/1.8.8\&intel_compilers:netcdf/4.2\&hdf5/1.8.8:python/2.7.3\&netcdf/4.2\&ncarg/6.0.0\&gdal\&udunits2:gcp/2.3\&globus\&perlbrew:hsm/1.2.5\&perlbrew:fre/bronx-18\&netcdf/4.2\&nco/4.5.4\&python/2.7.3\&nccmp/1.8.2.0\&gcp\&hsm/1.2.5;' export 'MODULES_LMPREREQ;
GLOBUS_TCP_PORT_RANGE=40000,46999;' export 'GLOBUS_TCP_PORT_RANGE;
LOADEDMODULES=intel_compilers/11.1.073:hdf5/1.8.8:netcdf/4.2:ferret/7.02:ncarg/6.2.0:cdo/1.9.8:nco/4.5.4:ncarg/6.0.0:gdal/3.1.1:udunits2/2.1.24:python/2.7.3:nccmp/1.8.2.0:globus/5.2.1:perlbrew/5.30.2:gcp/2.3:hsm/1.2.5:fre/bronx-18;' export 'LOADEDMODULES;
FRE_COMMANDS_VERSION=bronx-18;' export 'FRE_COMMANDS_VERSION;
MODULES_LMCONFLICT=cdo/1.9.8\&cdo:nco/4.5.4\&nco:gdal/3.1.1\&gdal:nccmp/1.8.2.0\&nccmp:perlbrew/5.30.2\&perlbrew:gcp/2.3\&gcp:hsm/1.2.5\&hsm:fre/bronx-18\&fre;' export 'MODULES_LMCONFLICT;
FPATH=/usr/local/x64/udunits-2.1.24/include:/usr/local/x64/netcdf-4.2_optimized/include;' export 'FPATH;
PERLBREW_PERL=perl-5.30.2-GFDLWS;' export 'PERLBREW_PERL;
PKG_CONFIG_PATH_modshare=/app/spack/v0.15/linux-rhel7-x86_64/gcc-4.8.5/gdal/3.1.1-o2itvyhah4bvlfcrnqju4qc3mswxidw7/lib/pkgconfig:1;' export 'PKG_CONFIG_PATH_modshare;
FRE_ANALYSIS_GIT_URL=file:///home/fms/local/opt/fre-analysis/git;' export 'FRE_ANALYSIS_GIT_URL;
NCARG_ROOT=/usr/local/x64/ncarg-6.0.0;' export 'NCARG_ROOT;
MODULES_LMNOTUASKED=hdf5/1.8.8:nco/4.5.4:ncarg/6.0.0:gdal/3.1.1:udunits2/2.1.24:python/2.7.3:nccmp/1.8.2.0:globus/5.2.1:perlbrew/5.30.2:gcp/2.3:hsm/1.2.5;' export 'MODULES_LMNOTUASKED;
MYPROXY_SERVER_DN=/DC=gov/DC=noaa/DC=rdhpcs/OU=Certificate\' 'Authorities/CN=host/myproxy1.princeton.rdhcps.noaa.gov;' export 'MYPROXY_SERVER_DN;
FRE_NCTOOLS_VERSION=bronx-18;' export 'FRE_NCTOOLS_VERSION;
HSM_SITE=gfdl-ws;' export 'HSM_SITE;
LOADEDMODULES_modshare=gdal/3.1.1:1:intel_compilers/11.1.073:1:fre/bronx-18:1:perlbrew/5.30.2:1:nco/4.5.4:1:python/2.7.3:1:udunits2/2.1.24:1:hsm/1.2.5:1:hdf5/1.8.8:1:cdo/1.9.8:1:gcp/2.3:1:ncarg/6.0.0:1:nccmp/1.8.2.0:1:ncarg/6.2.0:1:ferret/7.02:1:netcdf/4.2:1:globus/5.2.1:1;' export 'LOADEDMODULES_modshare;
PERLBREW_ROOT=/home/fms/local/perlbrew;' export 'PERLBREW_ROOT;
GCP_GLOBUS_SDK=/usr/local/gcp/2.3.25/globus-sdk;' export 'GCP_GLOBUS_SDK;
INCLUDE_modshare=/app/spack/v0.15/linux-rhel7-x86_64/gcc-4.8.5/gdal/3.1.1-o2itvyhah4bvlfcrnqju4qc3mswxidw7/include:1:/app/spack/v0.15/linux-rhel7-x86_64/gcc-4.8.5/nco/4.5.4-maafbz4vdw5oh2s6yumspl4gj4ix6dae/include:1;' export 'INCLUDE_modshare;
PERL5LIB_modshare=/home/fms/local/opt/fre-commands/bronx-18/lib:1:/home/fms/local/opt/hsm/1.2.5/lib:1;' export 'PERL5LIB_modshare;
LIBRARY_PATH=/usr/local/x64/udunits-2.1.24/lib:/app/spack/v0.15/linux-rhel7-x86_64/gcc-4.8.5/gdal/3.1.1-o2itvyhah4bvlfcrnqju4qc3mswxidw7/lib:/usr/local/x64/ncarg-6.0.0/lib:/usr/local/x64/ncarg-6.2.0/lib:/usr/local/x64/netcdf-4.2_optimized/lib:/usr/local/x64/hdf5-1.8.8_optimized/lib;' export 'LIBRARY_PATH;
_LMFILES_=/usr/local/Modules/x64/modulefiles/intel_compilers/11.1.073:/usr/local/Modules/x64/modulefiles/hdf5/1.8.8:/usr/local/Modules/x64/modulefiles/netcdf/4.2:/usr/local/Modules/modulefiles/ferret/7.02:/usr/local/Modules/x64/modulefiles/ncarg/6.2.0:/app/spack/default/modulefiles/cdo/1.9.8:/app/spack/default/modulefiles/nco/4.5.4:/usr/local/Modules/x64/modulefiles/ncarg/6.0.0:/app/spack/default/modulefiles/gdal/3.1.1:/usr/local/Modules/x64/modulefiles/udunits2/2.1.24:/usr/local/Modules/modulefiles/python/2.7.3:/app/spack/default/modulefiles/nccmp/1.8.2.0:/usr/local/Modules/x64/modulefiles/globus/5.2.1:/home/fms/local/modulefiles/perlbrew/5.30.2:/home/fms/local/modulefiles/gcp/2.3:/home/fms/local/modulefiles/hsm/1.2.5:/home/fms/local/modulefiles/fre/bronx-18;' export '_LMFILES_;
LIBRARY_PATH_modshare=/app/spack/v0.15/linux-rhel7-x86_64/gcc-4.8.5/gdal/3.1.1-o2itvyhah4bvlfcrnqju4qc3mswxidw7/lib:1:/usr/local/x64/ncarg-6.2.0/lib:1:/usr/local/x64/netcdf-4.2_optimized/lib:1:/usr/local/x64/hdf5-1.8.8_optimized/lib:1:/usr/local/x64/udunits-2.1.24/lib:1:/usr/local/x64/ncarg-6.0.0/lib:1;' export 'LIBRARY_PATH_modshare;
MODULES_LMALTNAME=ferret/7.02\&ferret/default\&ferret:udunits2/2.1.24\&udunits2/default\&udunits2:python/2.7.3\&python/default\&python:globus/5.2.1\&globus/default\&globus:perlbrew/5.30.2\&perlbrew/default\&perlbrew:gcp/2.3\&gcp/default\&gcp;' export 'MODULES_LMALTNAME;
MODULES_LMCONFLICT_modshare=nccmp/1.8.2.0\&nccmp:1:gcp/2.3\&gcp:1:perlbrew/5.30.2\&perlbrew:1:hsm/1.2.5\&hsm:1:fre/bronx-18\&fre:1:nco/4.5.4\&nco:1:gdal/3.1.1\&gdal:1:cdo/1.9.8\&cdo:1;' export 'MODULES_LMCONFLICT_modshare;
FPATH_modshare=/usr/local/x64/udunits-2.1.24/include:1:/usr/local/x64/netcdf-4.2_optimized/include:1;' export 'FPATH_modshare;
DYLD_LIBRARY_PATH=/usr/local/x64/globus/5.2.1/lib;' export 'DYLD_LIBRARY_PATH;
CPLUS_INCLUDE_PATH=/app/spack/v0.15/linux-rhel7-x86_64/gcc-4.8.5/gdal/3.1.1-o2itvyhah4bvlfcrnqju4qc3mswxidw7/include:/app/spack/v0.15/linux-rhel7-x86_64/gcc-4.8.5/nco/4.5.4-maafbz4vdw5oh2s6yumspl4gj4ix6dae/include;' export 'CPLUS_INCLUDE_PATH;
CPATH_modshare=/usr/local/x64/udunits-2.1.24/include:1:/usr/local/x64/ncarg-6.0.0/include:1:/usr/local/x64/ncarg-6.2.0/include:1:/usr/local/x64/netcdf-4.2_optimized/include:1:/usr/local/x64/hdf5-1.8.8_optimized/include:1;' export 'CPATH_modshare;
_LMFILES__modshare=/usr/local/Modules/modulefiles/ferret/7.02:1:/home/fms/local/modulefiles/hsm/1.2.5:1:/app/spack/default/modulefiles/nccmp/1.8.2.0:1:/home/fms/local/modulefiles/gcp/2.3:1:/usr/local/Modules/x64/modulefiles/globus/5.2.1:1:/usr/local/Modules/x64/modulefiles/netcdf/4.2:1:/usr/local/Modules/x64/modulefiles/intel_compilers/11.1.073:1:/app/spack/default/modulefiles/gdal/3.1.1:1:/usr/local/Modules/x64/modulefiles/udunits2/2.1.24:1:/usr/local/Modules/x64/modulefiles/ncarg/6.0.0:1:/home/fms/local/modulefiles/fre/bronx-18:1:/usr/local/Modules/x64/modulefiles/ncarg/6.2.0:1:/usr/local/Modules/modulefiles/python/2.7.3:1:/app/spack/default/modulefiles/nco/4.5.4:1:/usr/local/Modules/x64/modulefiles/hdf5/1.8.8:1:/home/fms/local/modulefiles/perlbrew/5.30.2:1:/app/spack/default/modulefiles/cdo/1.9.8:1;' export '_LMFILES__modshare;
X509_USER_PROXY=/home/Colleen.McHugh/.globus/x509up_u;' export 'X509_USER_PROXY;
PERL5LIB=/home/fms/local/opt/fre-commands/bronx-18/lib:/home/fms/local/opt/hsm/1.2.5/lib;' export 'PERL5LIB;
PATH_modshare=/usr/bin:1:/usr/local/x64/udunits-2.1.24/bin:1:/home/fms/local/perlbrew/bin:1:/app/spack/v0.15/linux-rhel7-x86_64/gcc-4.8.5/cdo/1.9.8-ahk3jklxsgljgflkdqgbizfm3oqqz7hl/bin:1:/home/fms/local/opt/fre-analysis/test/shared/bin:1:/usr/local/gcp/2.3.25:1:/home/fms/local/opt/fre-curator/release/share/bin:1:/usr/local/x64/python/2.7.3/bin:1:/home/fms/local/opt/fre-nctools/bronx-18/gfdl-ws/bin:1:/usr/local/x64/intel/Compiler/11.1/073/bin/intel64:1:/app/spack/v0.15/linux-rhel7-x86_64/gcc-4.8.5/nco/4.5.4-maafbz4vdw5oh2s6yumspl4gj4ix6dae/bin:1:/home/fms/local/perlbrew/perls/perl-5.30.2-GFDLWS/bin:1:/usr/local/x64/hdf5-1.8.8_optimized/bin:1:/bin:1:/app/spack/v0.15/linux-rhel7-x86_64/gcc-4.8.5/nccmp/1.8.2.0-czo57hrwa5yrt56mkyy3llpx7arxsk6b/bin:1:/home/fms/local/opt/fre-commands/bronx-18/site/gfdl-ws/bin:1:/usr/local/Modules/4.6.1/bin:1:/usr/local/x64/globus/5.2.1/bin:1:/home/fms/local/opt/fre-commands/bronx-18/bin:1:/app/spack/v0.15/linux-rhel7-x86_64/gcc-4.8.5/gdal/3.1.1-o2itvyhah4bvlfcrnqju4qc3mswxidw7/bin:1:/home/fms/local/opt/hsm/1.2.5/bin:1:/home/fms/local/opt/fre-nctools/bronx-18/share/bin:1:/usr/local/x64/netcdf-4.2_optimized/bin:1:/usr/local/x64/globus/5.2.1/sbin:1:/home/fms/local/opt/fre-commands/bronx-18/sbin:1:/usr/local/x64/ncarg-6.0.0/bin:1:/usr/local/x64/ncarg-6.2.0/bin:1:/usr/local/x64/ferret-7.02/bin:1;' export 'PATH_modshare;
MODULES_MODSHARE_DYLD_LIBRARY_PATH=/usr/local/x64/globus/5.2.1/lib:1;' export 'MODULES_MODSHARE_DYLD_LIBRARY_PATH;
test' '0;'
+++ HSM_HOME=/home/fms/local/opt/hsm/1.2.5
+++ export HSM_HOME
+++ CPATH=/usr/local/x64/udunits-2.1.24/include:/usr/local/x64/ncarg-6.0.0/include:/usr/local/x64/ncarg-6.2.0/include:/usr/local/x64/netcdf-4.2_optimized/include:/usr/local/x64/hdf5-1.8.8_optimized/include
+++ export CPATH
+++ FRE_SYSTEM_TMP=/tmp
+++ export FRE_SYSTEM_TMP
+++ CMAKE_PREFIX_PATH=/app/spack/v0.15/linux-rhel7-x86_64/gcc-4.8.5/nccmp/1.8.2.0-czo57hrwa5yrt56mkyy3llpx7arxsk6b/:/app/spack/v0.15/linux-rhel7-x86_64/gcc-4.8.5/gdal/3.1.1-o2itvyhah4bvlfcrnqju4qc3mswxidw7/:/app/spack/v0.15/linux-rhel7-x86_64/gcc-4.8.5/cdo/1.9.8-ahk3jklxsgljgflkdqgbizfm3oqqz7hl/
+++ export CMAKE_PREFIX_PATH
+++ HSM_VERSION=1.2.5
+++ export HSM_VERSION
+++ MODULES_LMALTNAME_modshare='gcp/2.3&gcp/default&gcp:1:python/2.7.3&python/default&python:1:ferret/7.02&ferret/default&ferret:1:udunits2/2.1.24&udunits2/default&udunits2:1:perlbrew/5.30.2&perlbrew/default&perlbrew:1:globus/5.2.1&globus/default&globus:1'
+++ export MODULES_LMALTNAME_modshare
+++ SHLIB_PATH=/usr/local/x64/globus/5.2.1/lib
+++ export SHLIB_PATH
+++ FRE_CURATOR_JAVA_LIBS_modshare=/home/fms/local/opt/fre-curator/release/share/lib/java-getopt-1.0.13.jar:1:/home/fms/local/opt/fre-curator/release/share/lib/jcommander-1.72.jar:1:/home/fms/local/opt/fre-curator/release/share/lib/json-20180130.jar:1:/home/fms/local/opt/fre-curator/release/share/lib/configCurator.jar:1:/home/fms/local/opt/fre-curator/release/share/lib/FREMetar.jar:1:/home/fms/local/opt/fre-curator/release/share/lib/log4j-1.2.15.jar:1:/home/fms/local/opt/fre-curator/release/share/lib/netcdfAll-4.6.jar:1:/home/fms/local/opt/fre-curator/release/share/lib/slf4j-simple-1.6.1.jar:1:/home/fms/local/opt/fre-curator/release/share/lib/mysql-connector-java-5.1.45-bin.jar:1
+++ export FRE_CURATOR_JAVA_LIBS_modshare
+++ FRE_ANALYSIS_HOME=/home/fms/local/opt/fre-analysis/test
+++ export FRE_ANALYSIS_HOME
+++ C_INCLUDE_PATH=/app/spack/v0.15/linux-rhel7-x86_64/gcc-4.8.5/gdal/3.1.1-o2itvyhah4bvlfcrnqju4qc3mswxidw7/include:/app/spack/v0.15/linux-rhel7-x86_64/gcc-4.8.5/nco/4.5.4-maafbz4vdw5oh2s6yumspl4gj4ix6dae/include
+++ export C_INCLUDE_PATH
+++ CMAKE_PREFIX_PATH_modshare=/app/spack/v0.15/linux-rhel7-x86_64/gcc-4.8.5/nccmp/1.8.2.0-czo57hrwa5yrt56mkyy3llpx7arxsk6b/:1:/app/spack/v0.15/linux-rhel7-x86_64/gcc-4.8.5/gdal/3.1.1-o2itvyhah4bvlfcrnqju4qc3mswxidw7/:1:/app/spack/v0.15/linux-rhel7-x86_64/gcc-4.8.5/cdo/1.9.8-ahk3jklxsgljgflkdqgbizfm3oqqz7hl/:1
+++ export CMAKE_PREFIX_PATH_modshare
+++ FRE_COMMANDS_HOME=/home/fms/local/opt/fre-commands/bronx-18
+++ export FRE_COMMANDS_HOME
+++ FRE_SYSTEM_SITES=gfdl-ws:gfdl:ncrc:orion:ncrc3:ncrc4
+++ export FRE_SYSTEM_SITES
+++ GLOBUS_PATH=/usr/local/x64/globus/5.2.1
+++ export GLOBUS_PATH
+++ MANPATH=/home/fms/local/opt/fre-commands/bronx-18/man:/home/fms/local/opt/hsm/1.2.5/man:/home/fms/local/perlbrew/perls/perl-5.30.2-GFDLWS/man:/usr/local/x64/globus/5.2.1/man:/app/spack/v0.15/linux-rhel7-x86_64/gcc-4.8.5/nccmp/1.8.2.0-czo57hrwa5yrt56mkyy3llpx7arxsk6b/share/man:/usr/local/x64/python/2.7.3/share/man:/usr/local/x64/udunits-2.1.24/share/man:/app/spack/v0.15/linux-rhel7-x86_64/gcc-4.8.5/nco/4.5.4-maafbz4vdw5oh2s6yumspl4gj4ix6dae/share/man:/usr/local/x64/netcdf-4.2_optimized/share/man:/usr/local/x64/intel/Compiler/11.1/073/man/en_US::
+++ export MANPATH
+++ FRE_ANALYSIS_ARCHIVE=/archive/fms/fre-analysis/test
+++ export FRE_ANALYSIS_ARCHIVE
+++ PERLBREW_MANPATH=/home/fms/local/perlbrew/perls/perl-5.30.2-GFDLWS/man
+++ export PERLBREW_MANPATH
+++ PERLBREW_HOME=/home/Colleen.McHugh/.perlbrew
+++ export PERLBREW_HOME
+++ MANPATH_modshare=/app/spack/v0.15/linux-rhel7-x86_64/gcc-4.8.5/nco/4.5.4-maafbz4vdw5oh2s6yumspl4gj4ix6dae/share/man:1::1:/home/fms/local/opt/fre-commands/bronx-18/man:1:/usr/local/x64/globus/5.2.1/man:1:/usr/local/x64/python/2.7.3/share/man:1:/usr/local/x64/netcdf-4.2_optimized/share/man:1:/home/fms/local/opt/hsm/1.2.5/man:1:/home/fms/local/perlbrew/perls/perl-5.30.2-GFDLWS/man:1:/app/spack/v0.15/linux-rhel7-x86_64/gcc-4.8.5/nccmp/1.8.2.0-czo57hrwa5yrt56mkyy3llpx7arxsk6b/share/man:1:/usr/local/x64/udunits-2.1.24/share/man:1:/usr/local/x64/intel/Compiler/11.1/073/man/en_US:1
+++ export MANPATH_modshare
+++ PKG_CONFIG_PATH=/app/spack/v0.15/linux-rhel7-x86_64/gcc-4.8.5/gdal/3.1.1-o2itvyhah4bvlfcrnqju4qc3mswxidw7/lib/pkgconfig
+++ export PKG_CONFIG_PATH
+++ INCLUDE=/app/spack/v0.15/linux-rhel7-x86_64/gcc-4.8.5/gdal/3.1.1-o2itvyhah4bvlfcrnqju4qc3mswxidw7/include:/app/spack/v0.15/linux-rhel7-x86_64/gcc-4.8.5/nco/4.5.4-maafbz4vdw5oh2s6yumspl4gj4ix6dae/include
+++ export INCLUDE
+++ C_INCLUDE_PATH_modshare=/app/spack/v0.15/linux-rhel7-x86_64/gcc-4.8.5/gdal/3.1.1-o2itvyhah4bvlfcrnqju4qc3mswxidw7/include:1:/app/spack/v0.15/linux-rhel7-x86_64/gcc-4.8.5/nco/4.5.4-maafbz4vdw5oh2s6yumspl4gj4ix6dae/include:1
+++ export C_INCLUDE_PATH_modshare
+++ FRE_SYSTEM_SITE=gfdl-ws
+++ export FRE_SYSTEM_SITE
+++ FRE_NCTOOLS_HOME=/home/fms/local/opt/fre-nctools/bronx-18
+++ export FRE_NCTOOLS_HOME
+++ MYPROXY_SERVER=myproxy1.princeton.rdhpcs.noaa.gov
+++ export MYPROXY_SERVER
+++ FRE_SYSTEM_MODULEFILES_DIR=/home/fms/local/modulefiles
+++ export FRE_SYSTEM_MODULEFILES_DIR
+++ MODULES_LMNOTUASKED_modshare=nco/4.5.4:1:ncarg/6.0.0:1:gdal/3.1.1:1:perlbrew/5.30.2:1:gcp/2.3:1:python/2.7.3:1:nccmp/1.8.2.0:1:udunits2/2.1.24:1:hsm/1.2.5:1:hdf5/1.8.8:1:globus/5.2.1:1
+++ export MODULES_LMNOTUASKED_modshare
+++ X509_CERT_DIR=/usr/local/x64/globus/5.2.1/etc/grid-security/certificates
+++ export X509_CERT_DIR
+++ LD_LIBRARY_PATH_modshare=/usr/local/x64/python/3.5.2/lib:1:/app/spack/v0.15/linux-rhel7-x86_64/gcc-4.8.5/gdal/3.1.1-o2itvyhah4bvlfcrnqju4qc3mswxidw7/lib:1:/app/spack/v0.15/linux-rhel7-x86_64/gcc-4.8.5/nco/4.5.4-maafbz4vdw5oh2s6yumspl4gj4ix6dae/lib:1:/usr/local/x64/intel/Compiler/11.1/073/lib/intel64:1:/usr/local/x64/globus/5.2.1/lib64:1:/usr/local/x64/python/2.7.3/lib:1:/usr/local/x64/netcdf-4.2_optimized/lib:1:/usr/local/x64/hdf5-1.8.8_optimized/lib:1:/usr/local/x64/udunits-2.1.24/lib:1
+++ export LD_LIBRARY_PATH_modshare
+++ MODULES_LMPREREQ_modshare='netcdf/4.2&hdf5/1.8.8:1:hsm/1.2.5&perlbrew:1:fre/bronx-18&netcdf/4.2&nco/4.5.4&python/2.7.3&nccmp/1.8.2.0&gcp&hsm/1.2.5:1:hdf5/1.8.8&intel_compilers:1:python/2.7.3&netcdf/4.2&ncarg/6.0.0&gdal&udunits2:1:gcp/2.3&globus&perlbrew:1'
+++ export MODULES_LMPREREQ_modshare
+++ FRE_CURATOR_HOME=/home/fms/local/opt/fre-curator/release
+++ export FRE_CURATOR_HOME
+++ GLOBUS_LOCATION=/usr/local/x64/globus/5.2.1
+++ export GLOBUS_LOCATION
+++ LIBPATH=/usr/local/x64/globus/5.2.1/lib
+++ export LIBPATH
+++ PATH=/home/fms/local/opt/fre-curator/release/share/bin:/home/fms/local/opt/fre-nctools/bronx-18/gfdl-ws/bin:/home/fms/local/opt/fre-nctools/bronx-18/share/bin:/home/fms/local/opt/fre-commands/bronx-18/bin:/home/fms/local/opt/fre-commands/bronx-18/sbin:/home/fms/local/opt/fre-commands/bronx-18/site/gfdl-ws/bin:/home/fms/local/opt/hsm/1.2.5/bin:/usr/local/gcp/2.3.25:/home/fms/local/perlbrew/bin:/home/fms/local/perlbrew/perls/perl-5.30.2-GFDLWS/bin:/usr/local/x64/globus/5.2.1/bin:/usr/local/x64/globus/5.2.1/sbin:/app/spack/v0.15/linux-rhel7-x86_64/gcc-4.8.5/nccmp/1.8.2.0-czo57hrwa5yrt56mkyy3llpx7arxsk6b/bin:/usr/local/x64/python/2.7.3/bin:/usr/local/x64/udunits-2.1.24/bin:/app/spack/v0.15/linux-rhel7-x86_64/gcc-4.8.5/gdal/3.1.1-o2itvyhah4bvlfcrnqju4qc3mswxidw7/bin:/usr/local/x64/ncarg-6.0.0/bin:/app/spack/v0.15/linux-rhel7-x86_64/gcc-4.8.5/nco/4.5.4-maafbz4vdw5oh2s6yumspl4gj4ix6dae/bin:/app/spack/v0.15/linux-rhel7-x86_64/gcc-4.8.5/cdo/1.9.8-ahk3jklxsgljgflkdqgbizfm3oqqz7hl/bin:/usr/local/x64/ncarg-6.2.0/bin:/usr/local/x64/ferret-7.02/bin:/usr/local/x64/netcdf-4.2_optimized/bin:/usr/local/x64/hdf5-1.8.8_optimized/bin:/usr/local/x64/intel/Compiler/11.1/073/bin/intel64:/usr/local/Modules/4.6.1/bin:/usr/bin:/bin:/home/fms/local/opt/fre-analysis/test/shared/bin
+++ export PATH
+++ FRE_CURATOR_JAVA_LIBS=/home/fms/local/opt/fre-curator/release/share/lib/configCurator.jar:/home/fms/local/opt/fre-curator/release/share/lib/FREMetar.jar:/home/fms/local/opt/fre-curator/release/share/lib/jcommander-1.72.jar:/home/fms/local/opt/fre-curator/release/share/lib/slf4j-simple-1.6.1.jar:/home/fms/local/opt/fre-curator/release/share/lib/java-getopt-1.0.13.jar:/home/fms/local/opt/fre-curator/release/share/lib/log4j-1.2.15.jar:/home/fms/local/opt/fre-curator/release/share/lib/mysql-connector-java-5.1.45-bin.jar:/home/fms/local/opt/fre-curator/release/share/lib/netcdfAll-4.6.jar:/home/fms/local/opt/fre-curator/release/share/lib/json-20180130.jar
+++ export FRE_CURATOR_JAVA_LIBS
+++ CPLUS_INCLUDE_PATH_modshare=/app/spack/v0.15/linux-rhel7-x86_64/gcc-4.8.5/gdal/3.1.1-o2itvyhah4bvlfcrnqju4qc3mswxidw7/include:1:/app/spack/v0.15/linux-rhel7-x86_64/gcc-4.8.5/nco/4.5.4-maafbz4vdw5oh2s6yumspl4gj4ix6dae/include:1
+++ export CPLUS_INCLUDE_PATH_modshare
+++ LD_LIBRARY_PATH=/usr/local/x64/python/3.5.2/lib:/usr/local/x64/globus/5.2.1/lib64:/usr/local/x64/python/2.7.3/lib:/usr/local/x64/udunits-2.1.24/lib:/app/spack/v0.15/linux-rhel7-x86_64/gcc-4.8.5/gdal/3.1.1-o2itvyhah4bvlfcrnqju4qc3mswxidw7/lib:/app/spack/v0.15/linux-rhel7-x86_64/gcc-4.8.5/nco/4.5.4-maafbz4vdw5oh2s6yumspl4gj4ix6dae/lib:/usr/local/x64/netcdf-4.2_optimized/lib:/usr/local/x64/hdf5-1.8.8_optimized/lib:/usr/local/x64/intel/Compiler/11.1/073/lib/intel64
+++ export LD_LIBRARY_PATH
+++ MODULES_LMPREREQ='hdf5/1.8.8&intel_compilers:netcdf/4.2&hdf5/1.8.8:python/2.7.3&netcdf/4.2&ncarg/6.0.0&gdal&udunits2:gcp/2.3&globus&perlbrew:hsm/1.2.5&perlbrew:fre/bronx-18&netcdf/4.2&nco/4.5.4&python/2.7.3&nccmp/1.8.2.0&gcp&hsm/1.2.5'
+++ export MODULES_LMPREREQ
+++ GLOBUS_TCP_PORT_RANGE=40000,46999
+++ export GLOBUS_TCP_PORT_RANGE
+++ LOADEDMODULES=intel_compilers/11.1.073:hdf5/1.8.8:netcdf/4.2:ferret/7.02:ncarg/6.2.0:cdo/1.9.8:nco/4.5.4:ncarg/6.0.0:gdal/3.1.1:udunits2/2.1.24:python/2.7.3:nccmp/1.8.2.0:globus/5.2.1:perlbrew/5.30.2:gcp/2.3:hsm/1.2.5:fre/bronx-18
+++ export LOADEDMODULES
+++ FRE_COMMANDS_VERSION=bronx-18
+++ export FRE_COMMANDS_VERSION
+++ MODULES_LMCONFLICT='cdo/1.9.8&cdo:nco/4.5.4&nco:gdal/3.1.1&gdal:nccmp/1.8.2.0&nccmp:perlbrew/5.30.2&perlbrew:gcp/2.3&gcp:hsm/1.2.5&hsm:fre/bronx-18&fre'
+++ export MODULES_LMCONFLICT
+++ FPATH=/usr/local/x64/udunits-2.1.24/include:/usr/local/x64/netcdf-4.2_optimized/include
+++ export FPATH
+++ PERLBREW_PERL=perl-5.30.2-GFDLWS
+++ export PERLBREW_PERL
+++ PKG_CONFIG_PATH_modshare=/app/spack/v0.15/linux-rhel7-x86_64/gcc-4.8.5/gdal/3.1.1-o2itvyhah4bvlfcrnqju4qc3mswxidw7/lib/pkgconfig:1
+++ export PKG_CONFIG_PATH_modshare
+++ FRE_ANALYSIS_GIT_URL=file:///home/fms/local/opt/fre-analysis/git
+++ export FRE_ANALYSIS_GIT_URL
+++ NCARG_ROOT=/usr/local/x64/ncarg-6.0.0
+++ export NCARG_ROOT
+++ MODULES_LMNOTUASKED=hdf5/1.8.8:nco/4.5.4:ncarg/6.0.0:gdal/3.1.1:udunits2/2.1.24:python/2.7.3:nccmp/1.8.2.0:globus/5.2.1:perlbrew/5.30.2:gcp/2.3:hsm/1.2.5
+++ export MODULES_LMNOTUASKED
+++ MYPROXY_SERVER_DN='/DC=gov/DC=noaa/DC=rdhpcs/OU=Certificate Authorities/CN=host/myproxy1.princeton.rdhcps.noaa.gov'
+++ export MYPROXY_SERVER_DN
+++ FRE_NCTOOLS_VERSION=bronx-18
+++ export FRE_NCTOOLS_VERSION
+++ HSM_SITE=gfdl-ws
+++ export HSM_SITE
+++ LOADEDMODULES_modshare=gdal/3.1.1:1:intel_compilers/11.1.073:1:fre/bronx-18:1:perlbrew/5.30.2:1:nco/4.5.4:1:python/2.7.3:1:udunits2/2.1.24:1:hsm/1.2.5:1:hdf5/1.8.8:1:cdo/1.9.8:1:gcp/2.3:1:ncarg/6.0.0:1:nccmp/1.8.2.0:1:ncarg/6.2.0:1:ferret/7.02:1:netcdf/4.2:1:globus/5.2.1:1
+++ export LOADEDMODULES_modshare
+++ PERLBREW_ROOT=/home/fms/local/perlbrew
+++ export PERLBREW_ROOT
+++ GCP_GLOBUS_SDK=/usr/local/gcp/2.3.25/globus-sdk
+++ export GCP_GLOBUS_SDK
+++ INCLUDE_modshare=/app/spack/v0.15/linux-rhel7-x86_64/gcc-4.8.5/gdal/3.1.1-o2itvyhah4bvlfcrnqju4qc3mswxidw7/include:1:/app/spack/v0.15/linux-rhel7-x86_64/gcc-4.8.5/nco/4.5.4-maafbz4vdw5oh2s6yumspl4gj4ix6dae/include:1
+++ export INCLUDE_modshare
+++ PERL5LIB_modshare=/home/fms/local/opt/fre-commands/bronx-18/lib:1:/home/fms/local/opt/hsm/1.2.5/lib:1
+++ export PERL5LIB_modshare
+++ LIBRARY_PATH=/usr/local/x64/udunits-2.1.24/lib:/app/spack/v0.15/linux-rhel7-x86_64/gcc-4.8.5/gdal/3.1.1-o2itvyhah4bvlfcrnqju4qc3mswxidw7/lib:/usr/local/x64/ncarg-6.0.0/lib:/usr/local/x64/ncarg-6.2.0/lib:/usr/local/x64/netcdf-4.2_optimized/lib:/usr/local/x64/hdf5-1.8.8_optimized/lib
+++ export LIBRARY_PATH
+++ _LMFILES_=/usr/local/Modules/x64/modulefiles/intel_compilers/11.1.073:/usr/local/Modules/x64/modulefiles/hdf5/1.8.8:/usr/local/Modules/x64/modulefiles/netcdf/4.2:/usr/local/Modules/modulefiles/ferret/7.02:/usr/local/Modules/x64/modulefiles/ncarg/6.2.0:/app/spack/default/modulefiles/cdo/1.9.8:/app/spack/default/modulefiles/nco/4.5.4:/usr/local/Modules/x64/modulefiles/ncarg/6.0.0:/app/spack/default/modulefiles/gdal/3.1.1:/usr/local/Modules/x64/modulefiles/udunits2/2.1.24:/usr/local/Modules/modulefiles/python/2.7.3:/app/spack/default/modulefiles/nccmp/1.8.2.0:/usr/local/Modules/x64/modulefiles/globus/5.2.1:/home/fms/local/modulefiles/perlbrew/5.30.2:/home/fms/local/modulefiles/gcp/2.3:/home/fms/local/modulefiles/hsm/1.2.5:/home/fms/local/modulefiles/fre/bronx-18
+++ export _LMFILES_
+++ LIBRARY_PATH_modshare=/app/spack/v0.15/linux-rhel7-x86_64/gcc-4.8.5/gdal/3.1.1-o2itvyhah4bvlfcrnqju4qc3mswxidw7/lib:1:/usr/local/x64/ncarg-6.2.0/lib:1:/usr/local/x64/netcdf-4.2_optimized/lib:1:/usr/local/x64/hdf5-1.8.8_optimized/lib:1:/usr/local/x64/udunits-2.1.24/lib:1:/usr/local/x64/ncarg-6.0.0/lib:1
+++ export LIBRARY_PATH_modshare
+++ MODULES_LMALTNAME='ferret/7.02&ferret/default&ferret:udunits2/2.1.24&udunits2/default&udunits2:python/2.7.3&python/default&python:globus/5.2.1&globus/default&globus:perlbrew/5.30.2&perlbrew/default&perlbrew:gcp/2.3&gcp/default&gcp'
+++ export MODULES_LMALTNAME
+++ MODULES_LMCONFLICT_modshare='nccmp/1.8.2.0&nccmp:1:gcp/2.3&gcp:1:perlbrew/5.30.2&perlbrew:1:hsm/1.2.5&hsm:1:fre/bronx-18&fre:1:nco/4.5.4&nco:1:gdal/3.1.1&gdal:1:cdo/1.9.8&cdo:1'
+++ export MODULES_LMCONFLICT_modshare
+++ FPATH_modshare=/usr/local/x64/udunits-2.1.24/include:1:/usr/local/x64/netcdf-4.2_optimized/include:1
+++ export FPATH_modshare
+++ DYLD_LIBRARY_PATH=/usr/local/x64/globus/5.2.1/lib
+++ export DYLD_LIBRARY_PATH
+++ CPLUS_INCLUDE_PATH=/app/spack/v0.15/linux-rhel7-x86_64/gcc-4.8.5/gdal/3.1.1-o2itvyhah4bvlfcrnqju4qc3mswxidw7/include:/app/spack/v0.15/linux-rhel7-x86_64/gcc-4.8.5/nco/4.5.4-maafbz4vdw5oh2s6yumspl4gj4ix6dae/include
+++ export CPLUS_INCLUDE_PATH
+++ CPATH_modshare=/usr/local/x64/udunits-2.1.24/include:1:/usr/local/x64/ncarg-6.0.0/include:1:/usr/local/x64/ncarg-6.2.0/include:1:/usr/local/x64/netcdf-4.2_optimized/include:1:/usr/local/x64/hdf5-1.8.8_optimized/include:1
+++ export CPATH_modshare
+++ _LMFILES__modshare=/usr/local/Modules/modulefiles/ferret/7.02:1:/home/fms/local/modulefiles/hsm/1.2.5:1:/app/spack/default/modulefiles/nccmp/1.8.2.0:1:/home/fms/local/modulefiles/gcp/2.3:1:/usr/local/Modules/x64/modulefiles/globus/5.2.1:1:/usr/local/Modules/x64/modulefiles/netcdf/4.2:1:/usr/local/Modules/x64/modulefiles/intel_compilers/11.1.073:1:/app/spack/default/modulefiles/gdal/3.1.1:1:/usr/local/Modules/x64/modulefiles/udunits2/2.1.24:1:/usr/local/Modules/x64/modulefiles/ncarg/6.0.0:1:/home/fms/local/modulefiles/fre/bronx-18:1:/usr/local/Modules/x64/modulefiles/ncarg/6.2.0:1:/usr/local/Modules/modulefiles/python/2.7.3:1:/app/spack/default/modulefiles/nco/4.5.4:1:/usr/local/Modules/x64/modulefiles/hdf5/1.8.8:1:/home/fms/local/modulefiles/perlbrew/5.30.2:1:/app/spack/default/modulefiles/cdo/1.9.8:1
+++ export _LMFILES__modshare
+++ X509_USER_PROXY=/home/Colleen.McHugh/.globus/x509up_u
+++ export X509_USER_PROXY
+++ PERL5LIB=/home/fms/local/opt/fre-commands/bronx-18/lib:/home/fms/local/opt/hsm/1.2.5/lib
+++ export PERL5LIB
+++ PATH_modshare=/usr/bin:1:/usr/local/x64/udunits-2.1.24/bin:1:/home/fms/local/perlbrew/bin:1:/app/spack/v0.15/linux-rhel7-x86_64/gcc-4.8.5/cdo/1.9.8-ahk3jklxsgljgflkdqgbizfm3oqqz7hl/bin:1:/home/fms/local/opt/fre-analysis/test/shared/bin:1:/usr/local/gcp/2.3.25:1:/home/fms/local/opt/fre-curator/release/share/bin:1:/usr/local/x64/python/2.7.3/bin:1:/home/fms/local/opt/fre-nctools/bronx-18/gfdl-ws/bin:1:/usr/local/x64/intel/Compiler/11.1/073/bin/intel64:1:/app/spack/v0.15/linux-rhel7-x86_64/gcc-4.8.5/nco/4.5.4-maafbz4vdw5oh2s6yumspl4gj4ix6dae/bin:1:/home/fms/local/perlbrew/perls/perl-5.30.2-GFDLWS/bin:1:/usr/local/x64/hdf5-1.8.8_optimized/bin:1:/bin:1:/app/spack/v0.15/linux-rhel7-x86_64/gcc-4.8.5/nccmp/1.8.2.0-czo57hrwa5yrt56mkyy3llpx7arxsk6b/bin:1:/home/fms/local/opt/fre-commands/bronx-18/site/gfdl-ws/bin:1:/usr/local/Modules/4.6.1/bin:1:/usr/local/x64/globus/5.2.1/bin:1:/home/fms/local/opt/fre-commands/bronx-18/bin:1:/app/spack/v0.15/linux-rhel7-x86_64/gcc-4.8.5/gdal/3.1.1-o2itvyhah4bvlfcrnqju4qc3mswxidw7/bin:1:/home/fms/local/opt/hsm/1.2.5/bin:1:/home/fms/local/opt/fre-nctools/bronx-18/share/bin:1:/usr/local/x64/netcdf-4.2_optimized/bin:1:/usr/local/x64/globus/5.2.1/sbin:1:/home/fms/local/opt/fre-commands/bronx-18/sbin:1:/usr/local/x64/ncarg-6.0.0/bin:1:/usr/local/x64/ncarg-6.2.0/bin:1:/usr/local/x64/ferret-7.02/bin:1
+++ export PATH_modshare
+++ MODULES_MODSHARE_DYLD_LIBRARY_PATH=/usr/local/x64/globus/5.2.1/lib:1
+++ export MODULES_MODSHARE_DYLD_LIBRARY_PATH
+++ test 0
++ _mlstatus=0
++ '[' -n x ']'
++ IFS=' 	
'
++ unset _mlre _mlv _mlrv _mlIFS
++ '[' -n '' ']'
++ unset _mlshdbg
++ return 0
++ dirname /home/cem/git/nmme/oisst_spear/bin
+ DATA_DIR=/home/cem/git/nmme/oisst_spear/data
+ [[ -z /local2/home/NMME/oisst_spear/raw ]]
+++ date +%Y-%m-15
++ date -d 2021-11-15 '+%^b%Y'
+ MONYYYY=NOV2021
+ RAW_DIR_MM=/local2/home/NMME/oisst_spear/raw/NOV2021
+ echo /local2/home/NMME/oisst_spear/raw/NOV2021
/local2/home/NMME/oisst_spear/raw/NOV2021
+ [[ ! -e /local2/home/NMME/oisst_spear/raw/NOV2021 ]]
+ [[ -z /local2/home/NMME/oisst_spear/NetCDF ]]
+ '[' '!' -e /local2/home/NMME/oisst_spear/NetCDF ']'
+ [[ -z /local2/home/NMME/oisst_spear/work ]]
+ '[' -e /local2/home/NMME/oisst_spear/work ']'
+ rm -rf /local2/home/NMME/oisst_spear/work
+ mkdir -p /local2/home/NMME/oisst_spear/work
+ '[' '!' -e /local2/home/NMME/oisst_spear/NetCDF ']'
++ date -d '2021-11-01 - 1year' +%Y
+ yearPrev=2020
+ [[ 11 == 01 ]]
+++ date +%Y-%m-15
++ date -d '2021-11-15 -1 month' +%Y%m
+ last_yearmon=202110
+++ date +%Y-%m-15
++ date -d '2021-11-15 -1 month' +%Y
+ last_year=2021
+ firstDate=2020-12-31
+ lastDate=2021-11-01
++ date -d 2020-12-31 +%-d-%b-%Y
+ sDate=31-Dec-2020
++ date -d 2021-11-01 +%-d-%b-%Y
+ eDate=1-Nov-2021
++ date -d 2021-11-01 +%Y-%m-%d
+ e_yyyymmdd=2021-11-01
+ sst_spear=sst_oidaily_icecorr_icec25_202101_202110.nc
+ [[ -z '' ]]
+ OUTFILE=/local2/home/NMME/oisst_spear/NetCDF/sst_oidaily_icecorr_icec25_202101_202110.nc
+ OKFILE=/local2/home/NMME/oisst_spear/NetCDF/202110.OK
+ [[ -e /local2/home/NMME/oisst_spear/NetCDF/202110.OK ]]
+ '[' '!' -e /local2/home/NMME/oisst_spear/raw/NOV2021/oisst-avhrr-v02r01.20211101.nc ']'
+ '[' '!' -e /local2/home/NMME/oisst_spear/raw/NOV2021/oisst-avhrr-v02r01.20211101_preliminary.nc ']'
+ echo 'Data is not yet available for 2021-11-01. Exiting.'
Data is not yet available for 2021-11-01. Exiting.
+ exit 0
